{"C:\\laragon\\www\\SailingLoc\\backend\\index.js": {"path":"C:\\laragon\\www\\SailingLoc\\backend\\index.js","statementMap":{"0":{"start":{"line":14,"column":0},"end":{"line":14,"column":16}},"1":{"start":{"line":16,"column":12},"end":{"line":16,"column":21}},"2":{"start":{"line":17,"column":0},"end":{"line":17,"column":16}},"3":{"start":{"line":18,"column":0},"end":{"line":18,"column":24}},"4":{"start":{"line":21,"column":0},"end":{"line":21,"column":12}},"5":{"start":{"line":24,"column":0},"end":{"line":24,"column":33}},"6":{"start":{"line":25,"column":0},"end":{"line":25,"column":34}},"7":{"start":{"line":26,"column":0},"end":{"line":26,"column":40}},"8":{"start":{"line":27,"column":0},"end":{"line":27,"column":38}},"9":{"start":{"line":28,"column":0},"end":{"line":28,"column":39}},"10":{"start":{"line":29,"column":0},"end":{"line":29,"column":33}},"11":{"start":{"line":30,"column":0},"end":{"line":30,"column":42}},"12":{"start":{"line":31,"column":0},"end":{"line":31,"column":39}},"13":{"start":{"line":33,"column":0},"end":{"line":35,"column":3}},"14":{"start":{"line":34,"column":2},"end":{"line":34,"column":29}},"15":{"start":{"line":39,"column":0},"end":{"line":43,"column":1}},"16":{"start":{"line":40,"column":2},"end":{"line":42,"column":4}},"17":{"start":{"line":41,"column":4},"end":{"line":41,"column":61}}},"fnMap":{"0":{"name":"(anonymous_0)","decl":{"start":{"line":33,"column":13},"end":{"line":33,"column":14}},"loc":{"start":{"line":33,"column":27},"end":{"line":35,"column":1}},"line":33},"1":{"name":"(anonymous_1)","decl":{"start":{"line":40,"column":31},"end":{"line":40,"column":32}},"loc":{"start":{"line":41,"column":4},"end":{"line":41,"column":61}},"line":41}},"branchMap":{"0":{"loc":{"start":{"line":39,"column":0},"end":{"line":43,"column":1}},"type":"if","locations":[{"start":{"line":39,"column":0},"end":{"line":43,"column":1}},{"start":{},"end":{}}],"line":39}},"s":{"0":3,"1":3,"2":3,"3":3,"4":3,"5":3,"6":3,"7":3,"8":3,"9":3,"10":3,"11":3,"12":3,"13":3,"14":0,"15":3,"16":0,"17":0},"f":{"0":0,"1":0},"b":{"0":[0,3]},"_coverageSchema":"1a1c01bbd47fc00a2c39e90264f33305004495a9","hash":"927325b83ed5a91d52edd3f23e315f9daceafabc"}
,"C:\\laragon\\www\\SailingLoc\\backend\\config\\db.js": {"path":"C:\\laragon\\www\\SailingLoc\\backend\\config\\db.js","statementMap":{"0":{"start":{"line":4,"column":18},"end":{"line":15,"column":1}},"1":{"start":{"line":5,"column":2},"end":{"line":14,"column":3}},"2":{"start":{"line":6,"column":4},"end":{"line":9,"column":7}},"3":{"start":{"line":10,"column":4},"end":{"line":10,"column":45}},"4":{"start":{"line":12,"column":4},"end":{"line":12,"column":62}},"5":{"start":{"line":13,"column":4},"end":{"line":13,"column":20}}},"fnMap":{"0":{"name":"(anonymous_0)","decl":{"start":{"line":4,"column":18},"end":{"line":4,"column":19}},"loc":{"start":{"line":4,"column":30},"end":{"line":15,"column":1}},"line":4}},"branchMap":{},"s":{"0":3,"1":3,"2":3,"3":3,"4":0,"5":0},"f":{"0":3},"b":{},"_coverageSchema":"1a1c01bbd47fc00a2c39e90264f33305004495a9","hash":"b423f8527238568f3ce5b620cfd4a63579e8f0c9"}
,"C:\\laragon\\www\\SailingLoc\\backend\\middleware\\auth.js": {"path":"C:\\laragon\\www\\SailingLoc\\backend\\middleware\\auth.js","statementMap":{"0":{"start":{"line":4,"column":23},"end":{"line":29,"column":1}},"1":{"start":{"line":5,"column":2},"end":{"line":28,"column":3}},"2":{"start":{"line":8,"column":4},"end":{"line":10,"column":5}},"3":{"start":{"line":9,"column":6},"end":{"line":9,"column":54}},"4":{"start":{"line":12,"column":4},"end":{"line":14,"column":5}},"5":{"start":{"line":13,"column":6},"end":{"line":13,"column":86}},"6":{"start":{"line":16,"column":4},"end":{"line":25,"column":5}},"7":{"start":{"line":17,"column":22},"end":{"line":17,"column":63}},"8":{"start":{"line":18,"column":6},"end":{"line":18,"column":73}},"9":{"start":{"line":19,"column":6},"end":{"line":21,"column":7}},"10":{"start":{"line":20,"column":8},"end":{"line":20,"column":75}},"11":{"start":{"line":22,"column":6},"end":{"line":22,"column":13}},"12":{"start":{"line":24,"column":6},"end":{"line":24,"column":86}},"13":{"start":{"line":27,"column":4},"end":{"line":27,"column":54}},"14":{"start":{"line":31,"column":25},"end":{"line":40,"column":1}},"15":{"start":{"line":32,"column":2},"end":{"line":39,"column":4}},"16":{"start":{"line":33,"column":4},"end":{"line":37,"column":5}},"17":{"start":{"line":34,"column":6},"end":{"line":36,"column":9}},"18":{"start":{"line":38,"column":4},"end":{"line":38,"column":11}}},"fnMap":{"0":{"name":"(anonymous_0)","decl":{"start":{"line":4,"column":23},"end":{"line":4,"column":24}},"loc":{"start":{"line":4,"column":49},"end":{"line":29,"column":1}},"line":4},"1":{"name":"(anonymous_1)","decl":{"start":{"line":31,"column":25},"end":{"line":31,"column":26}},"loc":{"start":{"line":31,"column":39},"end":{"line":40,"column":1}},"line":31},"2":{"name":"(anonymous_2)","decl":{"start":{"line":32,"column":9},"end":{"line":32,"column":10}},"loc":{"start":{"line":32,"column":29},"end":{"line":39,"column":3}},"line":32}},"branchMap":{"0":{"loc":{"start":{"line":8,"column":4},"end":{"line":10,"column":5}},"type":"if","locations":[{"start":{"line":8,"column":4},"end":{"line":10,"column":5}},{"start":{},"end":{}}],"line":8},"1":{"loc":{"start":{"line":8,"column":8},"end":{"line":8,"column":83}},"type":"binary-expr","locations":[{"start":{"line":8,"column":8},"end":{"line":8,"column":33}},{"start":{"line":8,"column":37},"end":{"line":8,"column":83}}],"line":8},"2":{"loc":{"start":{"line":12,"column":4},"end":{"line":14,"column":5}},"type":"if","locations":[{"start":{"line":12,"column":4},"end":{"line":14,"column":5}},{"start":{},"end":{}}],"line":12},"3":{"loc":{"start":{"line":19,"column":6},"end":{"line":21,"column":7}},"type":"if","locations":[{"start":{"line":19,"column":6},"end":{"line":21,"column":7}},{"start":{},"end":{}}],"line":19},"4":{"loc":{"start":{"line":33,"column":4},"end":{"line":37,"column":5}},"type":"if","locations":[{"start":{"line":33,"column":4},"end":{"line":37,"column":5}},{"start":{},"end":{}}],"line":33}},"s":{"0":5,"1":50,"2":50,"3":47,"4":50,"5":3,"6":47,"7":47,"8":47,"9":47,"10":1,"11":46,"12":0,"13":0,"14":5,"15":39,"16":39,"17":3,"18":36},"f":{"0":50,"1":39,"2":39},"b":{"0":[47,3],"1":[50,47],"2":[3,47],"3":[1,46],"4":[3,36]},"_coverageSchema":"1a1c01bbd47fc00a2c39e90264f33305004495a9","hash":"8c040611ebc8de6b267dd290767128488e23f217"}
,"C:\\laragon\\www\\SailingLoc\\backend\\middleware\\captcha.js": {"path":"C:\\laragon\\www\\SailingLoc\\backend\\middleware\\captcha.js","statementMap":{"0":{"start":{"line":2,"column":31},"end":{"line":24,"column":1}},"1":{"start":{"line":3,"column":2},"end":{"line":5,"column":3}},"2":{"start":{"line":4,"column":4},"end":{"line":4,"column":18}},"3":{"start":{"line":6,"column":57},"end":{"line":6,"column":65}},"4":{"start":{"line":9,"column":2},"end":{"line":13,"column":3}},"5":{"start":{"line":10,"column":4},"end":{"line":12,"column":7}},"6":{"start":{"line":16,"column":2},"end":{"line":20,"column":3}},"7":{"start":{"line":17,"column":4},"end":{"line":19,"column":7}},"8":{"start":{"line":23,"column":2},"end":{"line":23,"column":9}},"9":{"start":{"line":27,"column":37},"end":{"line":38,"column":1}},"10":{"start":{"line":28,"column":16},"end":{"line":28,"column":54}},"11":{"start":{"line":29,"column":15},"end":{"line":29,"column":17}},"12":{"start":{"line":30,"column":2},"end":{"line":32,"column":3}},"13":{"start":{"line":30,"column":15},"end":{"line":30,"column":16}},"14":{"start":{"line":31,"column":4},"end":{"line":31,"column":69}},"15":{"start":{"line":34,"column":2},"end":{"line":37,"column":4}}},"fnMap":{"0":{"name":"(anonymous_0)","decl":{"start":{"line":2,"column":31},"end":{"line":2,"column":32}},"loc":{"start":{"line":2,"column":51},"end":{"line":24,"column":1}},"line":2},"1":{"name":"(anonymous_1)","decl":{"start":{"line":27,"column":37},"end":{"line":27,"column":38}},"loc":{"start":{"line":27,"column":43},"end":{"line":38,"column":1}},"line":27}},"branchMap":{"0":{"loc":{"start":{"line":3,"column":2},"end":{"line":5,"column":3}},"type":"if","locations":[{"start":{"line":3,"column":2},"end":{"line":5,"column":3}},{"start":{},"end":{}}],"line":3},"1":{"loc":{"start":{"line":9,"column":2},"end":{"line":13,"column":3}},"type":"if","locations":[{"start":{"line":9,"column":2},"end":{"line":13,"column":3}},{"start":{},"end":{}}],"line":9},"2":{"loc":{"start":{"line":9,"column":6},"end":{"line":9,"column":55}},"type":"binary-expr","locations":[{"start":{"line":9,"column":6},"end":{"line":9,"column":22}},{"start":{"line":9,"column":26},"end":{"line":9,"column":40}},{"start":{"line":9,"column":44},"end":{"line":9,"column":55}}],"line":9},"3":{"loc":{"start":{"line":16,"column":2},"end":{"line":20,"column":3}},"type":"if","locations":[{"start":{"line":16,"column":2},"end":{"line":20,"column":3}},{"start":{},"end":{}}],"line":16}},"s":{"0":3,"1":48,"2":48,"3":0,"4":0,"5":0,"6":0,"7":0,"8":0,"9":3,"10":0,"11":0,"12":0,"13":0,"14":0,"15":0},"f":{"0":48,"1":0},"b":{"0":[48,0],"1":[0,0],"2":[0,0,0],"3":[0,0]},"_coverageSchema":"1a1c01bbd47fc00a2c39e90264f33305004495a9","hash":"5753b5c27df353da55b65d1df4dac736f46d4e83"}
,"C:\\laragon\\www\\SailingLoc\\backend\\models\\Boat.js": {"path":"C:\\laragon\\www\\SailingLoc\\backend\\models\\Boat.js","statementMap":{"0":{"start":{"line":3,"column":19},"end":{"line":76,"column":2}},"1":{"start":{"line":42,"column":8},"end":{"line":45,"column":40}},"2":{"start":{"line":79,"column":0},"end":{"line":79,"column":53}},"3":{"start":{"line":80,"column":0},"end":{"line":80,"column":30}},"4":{"start":{"line":81,"column":0},"end":{"line":81,"column":37}},"5":{"start":{"line":84,"column":0},"end":{"line":86,"column":2}},"6":{"start":{"line":85,"column":2},"end":{"line":85,"column":25}},"7":{"start":{"line":89,"column":0},"end":{"line":91,"column":2}},"8":{"start":{"line":90,"column":2},"end":{"line":90,"column":31}},"9":{"start":{"line":93,"column":13},"end":{"line":93,"column":47}}},"fnMap":{"0":{"name":"(anonymous_0)","decl":{"start":{"line":40,"column":17},"end":{"line":40,"column":18}},"loc":{"start":{"line":40,"column":29},"end":{"line":46,"column":7}},"line":40},"1":{"name":"(anonymous_1)","decl":{"start":{"line":84,"column":33},"end":{"line":84,"column":34}},"loc":{"start":{"line":84,"column":44},"end":{"line":86,"column":1}},"line":84},"2":{"name":"(anonymous_2)","decl":{"start":{"line":89,"column":36},"end":{"line":89,"column":37}},"loc":{"start":{"line":89,"column":51},"end":{"line":91,"column":1}},"line":89}},"branchMap":{"0":{"loc":{"start":{"line":42,"column":15},"end":{"line":45,"column":39}},"type":"binary-expr","locations":[{"start":{"line":42,"column":15},"end":{"line":42,"column":69}},{"start":{"line":43,"column":15},"end":{"line":43,"column":32}},{"start":{"line":44,"column":15},"end":{"line":44,"column":38}},{"start":{"line":45,"column":15},"end":{"line":45,"column":39}}],"line":42}},"s":{"0":3,"1":16,"2":3,"3":3,"4":3,"5":3,"6":0,"7":3,"8":0,"9":3},"f":{"0":16,"1":0,"2":0},"b":{"0":[16,16,0,0]},"_coverageSchema":"1a1c01bbd47fc00a2c39e90264f33305004495a9","hash":"37be848a7bf866b7217f34fbb07ce7f05aa140a4"}
,"C:\\laragon\\www\\SailingLoc\\backend\\models\\Booking.js": {"path":"C:\\laragon\\www\\SailingLoc\\backend\\models\\Booking.js","statementMap":{"0":{"start":{"line":3,"column":22},"end":{"line":56,"column":2}},"1":{"start":{"line":59,"column":0},"end":{"line":59,"column":50}},"2":{"start":{"line":60,"column":0},"end":{"line":60,"column":61}},"3":{"start":{"line":61,"column":0},"end":{"line":61,"column":35}},"4":{"start":{"line":64,"column":0},"end":{"line":66,"column":2}},"5":{"start":{"line":65,"column":2},"end":{"line":65,"column":37}},"6":{"start":{"line":69,"column":0},"end":{"line":72,"column":2}},"7":{"start":{"line":70,"column":19},"end":{"line":70,"column":58}},"8":{"start":{"line":71,"column":2},"end":{"line":71,"column":53}},"9":{"start":{"line":74,"column":16},"end":{"line":74,"column":56}}},"fnMap":{"0":{"name":"(anonymous_0)","decl":{"start":{"line":64,"column":45},"end":{"line":64,"column":46}},"loc":{"start":{"line":64,"column":56},"end":{"line":66,"column":1}},"line":64},"1":{"name":"(anonymous_1)","decl":{"start":{"line":69,"column":42},"end":{"line":69,"column":43}},"loc":{"start":{"line":69,"column":53},"end":{"line":72,"column":1}},"line":69}},"branchMap":{},"s":{"0":3,"1":3,"2":3,"3":3,"4":3,"5":0,"6":3,"7":0,"8":0,"9":3},"f":{"0":0,"1":0},"b":{},"_coverageSchema":"1a1c01bbd47fc00a2c39e90264f33305004495a9","hash":"8a0969a9eb5a9c9f413d7578e247c492ec0717f9"}
,"C:\\laragon\\www\\SailingLoc\\backend\\models\\Favorite.js": {"path":"C:\\laragon\\www\\SailingLoc\\backend\\models\\Favorite.js","statementMap":{"0":{"start":{"line":3,"column":23},"end":{"line":20,"column":2}},"1":{"start":{"line":23,"column":0},"end":{"line":23,"column":65}},"2":{"start":{"line":24,"column":0},"end":{"line":24,"column":51}},"3":{"start":{"line":26,"column":17},"end":{"line":26,"column":59}}},"fnMap":{},"branchMap":{},"s":{"0":3,"1":3,"2":3,"3":3},"f":{},"b":{},"_coverageSchema":"1a1c01bbd47fc00a2c39e90264f33305004495a9","hash":"220f99e3be82c502162fa340d9806edf81502062"}
,"C:\\laragon\\www\\SailingLoc\\backend\\models\\Payment.js": {"path":"C:\\laragon\\www\\SailingLoc\\backend\\models\\Payment.js","statementMap":{"0":{"start":{"line":3,"column":22},"end":{"line":15,"column":24}}},"fnMap":{},"branchMap":{},"s":{"0":3},"f":{},"b":{},"_coverageSchema":"1a1c01bbd47fc00a2c39e90264f33305004495a9","hash":"9c5d66daa28cfeed636429e3757ae0c7f5131b25"}
,"C:\\laragon\\www\\SailingLoc\\backend\\models\\Review.js": {"path":"C:\\laragon\\www\\SailingLoc\\backend\\models\\Review.js","statementMap":{"0":{"start":{"line":3,"column":21},"end":{"line":55,"column":2}},"1":{"start":{"line":40,"column":8},"end":{"line":40,"column":29}},"2":{"start":{"line":58,"column":0},"end":{"line":58,"column":49}},"3":{"start":{"line":59,"column":0},"end":{"line":59,"column":49}},"4":{"start":{"line":60,"column":0},"end":{"line":60,"column":34}},"5":{"start":{"line":63,"column":0},"end":{"line":70,"column":2}},"6":{"start":{"line":64,"column":17},"end":{"line":67,"column":4}},"7":{"start":{"line":69,"column":2},"end":{"line":69,"column":79}},"8":{"start":{"line":73,"column":0},"end":{"line":83,"column":2}},"9":{"start":{"line":75,"column":18},"end":{"line":80,"column":4}},"10":{"start":{"line":82,"column":2},"end":{"line":82,"column":19}},"11":{"start":{"line":86,"column":0},"end":{"line":89,"column":2}},"12":{"start":{"line":87,"column":2},"end":{"line":87,"column":20}},"13":{"start":{"line":88,"column":2},"end":{"line":88,"column":21}},"14":{"start":{"line":91,"column":15},"end":{"line":91,"column":53}}},"fnMap":{"0":{"name":"(anonymous_0)","decl":{"start":{"line":39,"column":17},"end":{"line":39,"column":18}},"loc":{"start":{"line":39,"column":29},"end":{"line":41,"column":7}},"line":39},"1":{"name":"(anonymous_1)","decl":{"start":{"line":63,"column":40},"end":{"line":63,"column":41}},"loc":{"start":{"line":63,"column":63},"end":{"line":70,"column":1}},"line":63},"2":{"name":"(anonymous_2)","decl":{"start":{"line":73,"column":37},"end":{"line":73,"column":38}},"loc":{"start":{"line":73,"column":79},"end":{"line":83,"column":1}},"line":73},"3":{"name":"(anonymous_3)","decl":{"start":{"line":86,"column":40},"end":{"line":86,"column":41}},"loc":{"start":{"line":86,"column":51},"end":{"line":89,"column":1}},"line":86}},"branchMap":{"0":{"loc":{"start":{"line":69,"column":9},"end":{"line":69,"column":78}},"type":"cond-expr","locations":[{"start":{"line":69,"column":29},"end":{"line":69,"column":74}},{"start":{"line":69,"column":77},"end":{"line":69,"column":78}}],"line":69}},"s":{"0":3,"1":0,"2":3,"3":3,"4":3,"5":3,"6":1,"7":1,"8":3,"9":0,"10":0,"11":3,"12":0,"13":0,"14":3},"f":{"0":0,"1":1,"2":0,"3":0},"b":{"0":[1,0]},"_coverageSchema":"1a1c01bbd47fc00a2c39e90264f33305004495a9","hash":"ddecb1ec57f639ccad2612edc9c4c5be1048fa62"}
,"C:\\laragon\\www\\SailingLoc\\backend\\models\\User.js": {"path":"C:\\laragon\\www\\SailingLoc\\backend\\models\\User.js","statementMap":{"0":{"start":{"line":4,"column":19},"end":{"line":46,"column":24}},"1":{"start":{"line":18,"column":27},"end":{"line":18,"column":63}},"2":{"start":{"line":22,"column":27},"end":{"line":22,"column":87}},"3":{"start":{"line":25,"column":8},"end":{"line":27,"column":9}},"4":{"start":{"line":26,"column":10},"end":{"line":26,"column":36}},"5":{"start":{"line":28,"column":8},"end":{"line":28,"column":20}},"6":{"start":{"line":35,"column":27},"end":{"line":35,"column":87}},"7":{"start":{"line":38,"column":8},"end":{"line":40,"column":9}},"8":{"start":{"line":39,"column":10},"end":{"line":39,"column":35}},"9":{"start":{"line":41,"column":8},"end":{"line":41,"column":20}},"10":{"start":{"line":49,"column":0},"end":{"line":53,"column":3}},"11":{"start":{"line":50,"column":2},"end":{"line":50,"column":50}},"12":{"start":{"line":50,"column":36},"end":{"line":50,"column":50}},"13":{"start":{"line":51,"column":2},"end":{"line":51,"column":55}},"14":{"start":{"line":52,"column":2},"end":{"line":52,"column":9}},"15":{"start":{"line":56,"column":0},"end":{"line":58,"column":2}},"16":{"start":{"line":57,"column":2},"end":{"line":57,"column":58}}},"fnMap":{"0":{"name":"(anonymous_0)","decl":{"start":{"line":18,"column":14},"end":{"line":18,"column":15}},"loc":{"start":{"line":18,"column":25},"end":{"line":18,"column":65}},"line":18},"1":{"name":"(anonymous_1)","decl":{"start":{"line":22,"column":14},"end":{"line":22,"column":15}},"loc":{"start":{"line":22,"column":25},"end":{"line":22,"column":89}},"line":22},"2":{"name":"(anonymous_2)","decl":{"start":{"line":24,"column":17},"end":{"line":24,"column":18}},"loc":{"start":{"line":24,"column":29},"end":{"line":29,"column":7}},"line":24},"3":{"name":"(anonymous_3)","decl":{"start":{"line":35,"column":14},"end":{"line":35,"column":15}},"loc":{"start":{"line":35,"column":25},"end":{"line":35,"column":89}},"line":35},"4":{"name":"(anonymous_4)","decl":{"start":{"line":37,"column":17},"end":{"line":37,"column":18}},"loc":{"start":{"line":37,"column":29},"end":{"line":42,"column":7}},"line":37},"5":{"name":"(anonymous_5)","decl":{"start":{"line":49,"column":23},"end":{"line":49,"column":24}},"loc":{"start":{"line":49,"column":45},"end":{"line":53,"column":1}},"line":49},"6":{"name":"(anonymous_6)","decl":{"start":{"line":56,"column":37},"end":{"line":56,"column":38}},"loc":{"start":{"line":56,"column":66},"end":{"line":58,"column":1}},"line":56}},"branchMap":{"0":{"loc":{"start":{"line":22,"column":34},"end":{"line":22,"column":86}},"type":"binary-expr","locations":[{"start":{"line":22,"column":34},"end":{"line":22,"column":62}},{"start":{"line":22,"column":66},"end":{"line":22,"column":86}}],"line":22},"1":{"loc":{"start":{"line":25,"column":8},"end":{"line":27,"column":9}},"type":"if","locations":[{"start":{"line":25,"column":8},"end":{"line":27,"column":9}},{"start":{},"end":{}}],"line":25},"2":{"loc":{"start":{"line":25,"column":12},"end":{"line":25,"column":64}},"type":"binary-expr","locations":[{"start":{"line":25,"column":12},"end":{"line":25,"column":40}},{"start":{"line":25,"column":44},"end":{"line":25,"column":64}}],"line":25},"3":{"loc":{"start":{"line":35,"column":34},"end":{"line":35,"column":86}},"type":"binary-expr","locations":[{"start":{"line":35,"column":34},"end":{"line":35,"column":62}},{"start":{"line":35,"column":66},"end":{"line":35,"column":86}}],"line":35},"4":{"loc":{"start":{"line":38,"column":8},"end":{"line":40,"column":9}},"type":"if","locations":[{"start":{"line":38,"column":8},"end":{"line":40,"column":9}},{"start":{},"end":{}}],"line":38},"5":{"loc":{"start":{"line":38,"column":12},"end":{"line":38,"column":64}},"type":"binary-expr","locations":[{"start":{"line":38,"column":12},"end":{"line":38,"column":40}},{"start":{"line":38,"column":44},"end":{"line":38,"column":64}}],"line":38},"6":{"loc":{"start":{"line":50,"column":2},"end":{"line":50,"column":50}},"type":"if","locations":[{"start":{"line":50,"column":2},"end":{"line":50,"column":50}},{"start":{},"end":{}}],"line":50}},"s":{"0":3,"1":40,"2":40,"3":5,"4":3,"5":2,"6":40,"7":5,"8":3,"9":2,"10":3,"11":38,"12":0,"13":38,"14":38,"15":3,"16":20},"f":{"0":40,"1":40,"2":5,"3":40,"4":5,"5":38,"6":20},"b":{"0":[40,7],"1":[3,2],"2":[5,3],"3":[40,7],"4":[3,2],"5":[5,3],"6":[0,38]},"_coverageSchema":"1a1c01bbd47fc00a2c39e90264f33305004495a9","hash":"bcf33f99f17d4e6a90f0f395e1f9a6ef5c4378a8"}
,"C:\\laragon\\www\\SailingLoc\\backend\\routes\\auth.js": {"path":"C:\\laragon\\www\\SailingLoc\\backend\\routes\\auth.js","statementMap":{"0":{"start":{"line":7,"column":15},"end":{"line":7,"column":23}},"1":{"start":{"line":10,"column":0},"end":{"line":115,"column":3}},"2":{"start":{"line":11,"column":2},"end":{"line":114,"column":3}},"3":{"start":{"line":13,"column":87},"end":{"line":13,"column":95}},"4":{"start":{"line":16,"column":26},"end":{"line":16,"column":106}},"5":{"start":{"line":17,"column":4},"end":{"line":21,"column":5}},"6":{"start":{"line":18,"column":6},"end":{"line":20,"column":9}},"7":{"start":{"line":24,"column":4},"end":{"line":29,"column":5}},"8":{"start":{"line":25,"column":6},"end":{"line":28,"column":9}},"9":{"start":{"line":30,"column":4},"end":{"line":32,"column":5}},"10":{"start":{"line":31,"column":6},"end":{"line":31,"column":79}},"11":{"start":{"line":35,"column":23},"end":{"line":35,"column":49}},"12":{"start":{"line":36,"column":21},"end":{"line":36,"column":37}},"13":{"start":{"line":37,"column":4},"end":{"line":39,"column":5}},"14":{"start":{"line":38,"column":6},"end":{"line":38,"column":103}},"15":{"start":{"line":42,"column":4},"end":{"line":64,"column":5}},"16":{"start":{"line":43,"column":6},"end":{"line":47,"column":7}},"17":{"start":{"line":44,"column":8},"end":{"line":46,"column":11}},"18":{"start":{"line":48,"column":6},"end":{"line":50,"column":7}},"19":{"start":{"line":49,"column":8},"end":{"line":49,"column":99}},"20":{"start":{"line":51,"column":6},"end":{"line":63,"column":7}},"21":{"start":{"line":52,"column":8},"end":{"line":56,"column":9}},"22":{"start":{"line":53,"column":10},"end":{"line":55,"column":13}},"23":{"start":{"line":57,"column":8},"end":{"line":59,"column":9}},"24":{"start":{"line":58,"column":10},"end":{"line":58,"column":100}},"25":{"start":{"line":60,"column":8},"end":{"line":62,"column":9}},"26":{"start":{"line":61,"column":10},"end":{"line":61,"column":99}},"27":{"start":{"line":67,"column":15},"end":{"line":67,"column":44}},"28":{"start":{"line":68,"column":4},"end":{"line":72,"column":5}},"29":{"start":{"line":69,"column":6},"end":{"line":71,"column":73}},"30":{"start":{"line":74,"column":4},"end":{"line":83,"column":7}},"31":{"start":{"line":84,"column":4},"end":{"line":84,"column":22}},"32":{"start":{"line":86,"column":18},"end":{"line":96,"column":5}},"33":{"start":{"line":97,"column":4},"end":{"line":110,"column":7}},"34":{"start":{"line":112,"column":4},"end":{"line":112,"column":25}},"35":{"start":{"line":113,"column":4},"end":{"line":113,"column":79}},"36":{"start":{"line":118,"column":0},"end":{"line":162,"column":3}},"37":{"start":{"line":119,"column":2},"end":{"line":161,"column":3}},"38":{"start":{"line":120,"column":32},"end":{"line":120,"column":40}},"39":{"start":{"line":123,"column":17},"end":{"line":123,"column":46}},"40":{"start":{"line":124,"column":4},"end":{"line":126,"column":5}},"41":{"start":{"line":125,"column":6},"end":{"line":125,"column":70}},"42":{"start":{"line":129,"column":20},"end":{"line":129,"column":56}},"43":{"start":{"line":130,"column":4},"end":{"line":132,"column":5}},"44":{"start":{"line":131,"column":6},"end":{"line":131,"column":70}},"45":{"start":{"line":135,"column":18},"end":{"line":145,"column":5}},"46":{"start":{"line":147,"column":4},"end":{"line":157,"column":7}},"47":{"start":{"line":159,"column":4},"end":{"line":159,"column":25}},"48":{"start":{"line":160,"column":4},"end":{"line":160,"column":54}},"49":{"start":{"line":165,"column":0},"end":{"line":192,"column":3}},"50":{"start":{"line":166,"column":2},"end":{"line":191,"column":3}},"51":{"start":{"line":168,"column":23},"end":{"line":168,"column":50}},"52":{"start":{"line":169,"column":24},"end":{"line":169,"column":68}},"53":{"start":{"line":170,"column":25},"end":{"line":170,"column":70}},"54":{"start":{"line":171,"column":31},"end":{"line":171,"column":82}},"55":{"start":{"line":174,"column":24},"end":{"line":177,"column":16}},"56":{"start":{"line":179,"column":4},"end":{"line":187,"column":7}},"57":{"start":{"line":189,"column":4},"end":{"line":189,"column":25}},"58":{"start":{"line":190,"column":4},"end":{"line":190,"column":106}},"59":{"start":{"line":195,"column":0},"end":{"line":218,"column":3}},"60":{"start":{"line":196,"column":2},"end":{"line":217,"column":3}},"61":{"start":{"line":197,"column":23},"end":{"line":197,"column":33}},"62":{"start":{"line":200,"column":17},"end":{"line":200,"column":44}},"63":{"start":{"line":201,"column":4},"end":{"line":203,"column":5}},"64":{"start":{"line":202,"column":6},"end":{"line":202,"column":74}},"65":{"start":{"line":206,"column":4},"end":{"line":208,"column":5}},"66":{"start":{"line":207,"column":6},"end":{"line":207,"column":100}},"67":{"start":{"line":211,"column":4},"end":{"line":211,"column":41}},"68":{"start":{"line":213,"column":4},"end":{"line":213,"column":63}},"69":{"start":{"line":215,"column":4},"end":{"line":215,"column":25}},"70":{"start":{"line":216,"column":4},"end":{"line":216,"column":97}},"71":{"start":{"line":221,"column":0},"end":{"line":306,"column":3}},"72":{"start":{"line":222,"column":2},"end":{"line":305,"column":3}},"73":{"start":{"line":223,"column":23},"end":{"line":223,"column":33}},"74":{"start":{"line":224,"column":77},"end":{"line":224,"column":85}},"75":{"start":{"line":227,"column":17},"end":{"line":227,"column":44}},"76":{"start":{"line":228,"column":4},"end":{"line":230,"column":5}},"77":{"start":{"line":229,"column":6},"end":{"line":229,"column":74}},"78":{"start":{"line":233,"column":4},"end":{"line":235,"column":5}},"79":{"start":{"line":234,"column":6},"end":{"line":234,"column":84}},"80":{"start":{"line":238,"column":4},"end":{"line":242,"column":5}},"81":{"start":{"line":239,"column":6},"end":{"line":241,"column":9}},"82":{"start":{"line":245,"column":4},"end":{"line":265,"column":5}},"83":{"start":{"line":246,"column":6},"end":{"line":250,"column":7}},"84":{"start":{"line":247,"column":8},"end":{"line":249,"column":11}},"85":{"start":{"line":253,"column":6},"end":{"line":257,"column":7}},"86":{"start":{"line":254,"column":8},"end":{"line":256,"column":11}},"87":{"start":{"line":260,"column":6},"end":{"line":264,"column":7}},"88":{"start":{"line":261,"column":8},"end":{"line":263,"column":11}},"89":{"start":{"line":268,"column":25},"end":{"line":268,"column":76}},"90":{"start":{"line":269,"column":4},"end":{"line":271,"column":5}},"91":{"start":{"line":270,"column":6},"end":{"line":270,"column":93}},"92":{"start":{"line":274,"column":24},"end":{"line":286,"column":5}},"93":{"start":{"line":288,"column":4},"end":{"line":301,"column":7}},"94":{"start":{"line":303,"column":4},"end":{"line":303,"column":25}},"95":{"start":{"line":304,"column":4},"end":{"line":304,"column":98}}},"fnMap":{"0":{"name":"(anonymous_0)","decl":{"start":{"line":10,"column":42},"end":{"line":10,"column":43}},"loc":{"start":{"line":10,"column":62},"end":{"line":115,"column":1}},"line":10},"1":{"name":"(anonymous_1)","decl":{"start":{"line":118,"column":39},"end":{"line":118,"column":40}},"loc":{"start":{"line":118,"column":59},"end":{"line":162,"column":1}},"line":118},"2":{"name":"(anonymous_2)","decl":{"start":{"line":165,"column":54},"end":{"line":165,"column":55}},"loc":{"start":{"line":165,"column":74},"end":{"line":192,"column":1}},"line":165},"3":{"name":"(anonymous_3)","decl":{"start":{"line":195,"column":61},"end":{"line":195,"column":62}},"loc":{"start":{"line":195,"column":81},"end":{"line":218,"column":1}},"line":195},"4":{"name":"(anonymous_4)","decl":{"start":{"line":221,"column":58},"end":{"line":221,"column":59}},"loc":{"start":{"line":221,"column":78},"end":{"line":306,"column":1}},"line":221}},"branchMap":{"0":{"loc":{"start":{"line":17,"column":4},"end":{"line":21,"column":5}},"type":"if","locations":[{"start":{"line":17,"column":4},"end":{"line":21,"column":5}},{"start":{},"end":{}}],"line":17},"1":{"loc":{"start":{"line":24,"column":4},"end":{"line":29,"column":5}},"type":"if","locations":[{"start":{"line":24,"column":4},"end":{"line":29,"column":5}},{"start":{},"end":{}}],"line":24},"2":{"loc":{"start":{"line":24,"column":8},"end":{"line":24,"column":59}},"type":"binary-expr","locations":[{"start":{"line":24,"column":8},"end":{"line":24,"column":31}},{"start":{"line":24,"column":35},"end":{"line":24,"column":59}}],"line":24},"3":{"loc":{"start":{"line":30,"column":4},"end":{"line":32,"column":5}},"type":"if","locations":[{"start":{"line":30,"column":4},"end":{"line":32,"column":5}},{"start":{},"end":{}}],"line":30},"4":{"loc":{"start":{"line":30,"column":8},"end":{"line":30,"column":46}},"type":"binary-expr","locations":[{"start":{"line":30,"column":8},"end":{"line":30,"column":12}},{"start":{"line":30,"column":16},"end":{"line":30,"column":23}},{"start":{"line":30,"column":27},"end":{"line":30,"column":33}},{"start":{"line":30,"column":37},"end":{"line":30,"column":46}}],"line":30},"5":{"loc":{"start":{"line":36,"column":21},"end":{"line":36,"column":37}},"type":"binary-expr","locations":[{"start":{"line":36,"column":21},"end":{"line":36,"column":25}},{"start":{"line":36,"column":29},"end":{"line":36,"column":37}}],"line":36},"6":{"loc":{"start":{"line":37,"column":4},"end":{"line":39,"column":5}},"type":"if","locations":[{"start":{"line":37,"column":4},"end":{"line":39,"column":5}},{"start":{},"end":{}}],"line":37},"7":{"loc":{"start":{"line":42,"column":4},"end":{"line":64,"column":5}},"type":"if","locations":[{"start":{"line":42,"column":4},"end":{"line":64,"column":5}},{"start":{},"end":{}}],"line":42},"8":{"loc":{"start":{"line":43,"column":6},"end":{"line":47,"column":7}},"type":"if","locations":[{"start":{"line":43,"column":6},"end":{"line":47,"column":7}},{"start":{},"end":{}}],"line":43},"9":{"loc":{"start":{"line":48,"column":6},"end":{"line":50,"column":7}},"type":"if","locations":[{"start":{"line":48,"column":6},"end":{"line":50,"column":7}},{"start":{},"end":{}}],"line":48},"10":{"loc":{"start":{"line":51,"column":6},"end":{"line":63,"column":7}},"type":"if","locations":[{"start":{"line":51,"column":6},"end":{"line":63,"column":7}},{"start":{},"end":{}}],"line":51},"11":{"loc":{"start":{"line":52,"column":8},"end":{"line":56,"column":9}},"type":"if","locations":[{"start":{"line":52,"column":8},"end":{"line":56,"column":9}},{"start":{},"end":{}}],"line":52},"12":{"loc":{"start":{"line":52,"column":12},"end":{"line":52,"column":28}},"type":"binary-expr","locations":[{"start":{"line":52,"column":12},"end":{"line":52,"column":18}},{"start":{"line":52,"column":22},"end":{"line":52,"column":28}}],"line":52},"13":{"loc":{"start":{"line":57,"column":8},"end":{"line":59,"column":9}},"type":"if","locations":[{"start":{"line":57,"column":8},"end":{"line":59,"column":9}},{"start":{},"end":{}}],"line":57},"14":{"loc":{"start":{"line":60,"column":8},"end":{"line":62,"column":9}},"type":"if","locations":[{"start":{"line":60,"column":8},"end":{"line":62,"column":9}},{"start":{},"end":{}}],"line":60},"15":{"loc":{"start":{"line":68,"column":4},"end":{"line":72,"column":5}},"type":"if","locations":[{"start":{"line":68,"column":4},"end":{"line":72,"column":5}},{"start":{},"end":{}}],"line":68},"16":{"loc":{"start":{"line":81,"column":23},"end":{"line":81,"column":85}},"type":"cond-expr","locations":[{"start":{"line":81,"column":53},"end":{"line":81,"column":77}},{"start":{"line":81,"column":80},"end":{"line":81,"column":85}}],"line":81},"17":{"loc":{"start":{"line":82,"column":10},"end":{"line":82,"column":76}},"type":"binary-expr","locations":[{"start":{"line":82,"column":10},"end":{"line":82,"column":37}},{"start":{"line":82,"column":41},"end":{"line":82,"column":56}},{"start":{"line":82,"column":60},"end":{"line":82,"column":76}}],"line":82},"18":{"loc":{"start":{"line":88,"column":6},"end":{"line":90,"column":27}},"type":"cond-expr","locations":[{"start":{"line":89,"column":10},"end":{"line":89,"column":40}},{"start":{"line":90,"column":10},"end":{"line":90,"column":27}}],"line":88},"19":{"loc":{"start":{"line":92,"column":19},"end":{"line":94,"column":17}},"type":"cond-expr","locations":[{"start":{"line":93,"column":12},"end":{"line":93,"column":42}},{"start":{"line":94,"column":12},"end":{"line":94,"column":17}}],"line":92},"20":{"loc":{"start":{"line":107,"column":12},"end":{"line":107,"column":47}},"type":"binary-expr","locations":[{"start":{"line":107,"column":12},"end":{"line":107,"column":22}},{"start":{"line":107,"column":26},"end":{"line":107,"column":47}}],"line":107},"21":{"loc":{"start":{"line":108,"column":12},"end":{"line":108,"column":47}},"type":"binary-expr","locations":[{"start":{"line":108,"column":12},"end":{"line":108,"column":22}},{"start":{"line":108,"column":26},"end":{"line":108,"column":47}}],"line":108},"22":{"loc":{"start":{"line":124,"column":4},"end":{"line":126,"column":5}},"type":"if","locations":[{"start":{"line":124,"column":4},"end":{"line":126,"column":5}},{"start":{},"end":{}}],"line":124},"23":{"loc":{"start":{"line":130,"column":4},"end":{"line":132,"column":5}},"type":"if","locations":[{"start":{"line":130,"column":4},"end":{"line":132,"column":5}},{"start":{},"end":{}}],"line":130},"24":{"loc":{"start":{"line":137,"column":6},"end":{"line":139,"column":27}},"type":"cond-expr","locations":[{"start":{"line":138,"column":10},"end":{"line":138,"column":40}},{"start":{"line":139,"column":10},"end":{"line":139,"column":27}}],"line":137},"25":{"loc":{"start":{"line":141,"column":19},"end":{"line":143,"column":17}},"type":"cond-expr","locations":[{"start":{"line":142,"column":12},"end":{"line":142,"column":42}},{"start":{"line":143,"column":12},"end":{"line":143,"column":17}}],"line":141},"26":{"loc":{"start":{"line":201,"column":4},"end":{"line":203,"column":5}},"type":"if","locations":[{"start":{"line":201,"column":4},"end":{"line":203,"column":5}},{"start":{},"end":{}}],"line":201},"27":{"loc":{"start":{"line":206,"column":4},"end":{"line":208,"column":5}},"type":"if","locations":[{"start":{"line":206,"column":4},"end":{"line":208,"column":5}},{"start":{},"end":{}}],"line":206},"28":{"loc":{"start":{"line":228,"column":4},"end":{"line":230,"column":5}},"type":"if","locations":[{"start":{"line":228,"column":4},"end":{"line":230,"column":5}},{"start":{},"end":{}}],"line":228},"29":{"loc":{"start":{"line":233,"column":4},"end":{"line":235,"column":5}},"type":"if","locations":[{"start":{"line":233,"column":4},"end":{"line":235,"column":5}},{"start":{},"end":{}}],"line":233},"30":{"loc":{"start":{"line":233,"column":8},"end":{"line":233,"column":33}},"type":"binary-expr","locations":[{"start":{"line":233,"column":8},"end":{"line":233,"column":12}},{"start":{"line":233,"column":16},"end":{"line":233,"column":23}},{"start":{"line":233,"column":27},"end":{"line":233,"column":33}}],"line":233},"31":{"loc":{"start":{"line":238,"column":4},"end":{"line":242,"column":5}},"type":"if","locations":[{"start":{"line":238,"column":4},"end":{"line":242,"column":5}},{"start":{},"end":{}}],"line":238},"32":{"loc":{"start":{"line":238,"column":8},"end":{"line":238,"column":68}},"type":"binary-expr","locations":[{"start":{"line":238,"column":8},"end":{"line":238,"column":11}},{"start":{"line":238,"column":16},"end":{"line":238,"column":39}},{"start":{"line":238,"column":43},"end":{"line":238,"column":67}}],"line":238},"33":{"loc":{"start":{"line":245,"column":4},"end":{"line":265,"column":5}},"type":"if","locations":[{"start":{"line":245,"column":4},"end":{"line":265,"column":5}},{"start":{},"end":{}}],"line":245},"34":{"loc":{"start":{"line":245,"column":8},"end":{"line":245,"column":50}},"type":"binary-expr","locations":[{"start":{"line":245,"column":8},"end":{"line":245,"column":31}},{"start":{"line":245,"column":35},"end":{"line":245,"column":50}}],"line":245},"35":{"loc":{"start":{"line":246,"column":6},"end":{"line":250,"column":7}},"type":"if","locations":[{"start":{"line":246,"column":6},"end":{"line":250,"column":7}},{"start":{},"end":{}}],"line":246},"36":{"loc":{"start":{"line":246,"column":10},"end":{"line":246,"column":26}},"type":"binary-expr","locations":[{"start":{"line":246,"column":10},"end":{"line":246,"column":16}},{"start":{"line":246,"column":20},"end":{"line":246,"column":26}}],"line":246},"37":{"loc":{"start":{"line":253,"column":6},"end":{"line":257,"column":7}},"type":"if","locations":[{"start":{"line":253,"column":6},"end":{"line":257,"column":7}},{"start":{},"end":{}}],"line":253},"38":{"loc":{"start":{"line":260,"column":6},"end":{"line":264,"column":7}},"type":"if","locations":[{"start":{"line":260,"column":6},"end":{"line":264,"column":7}},{"start":{},"end":{}}],"line":260},"39":{"loc":{"start":{"line":269,"column":4},"end":{"line":271,"column":5}},"type":"if","locations":[{"start":{"line":269,"column":4},"end":{"line":271,"column":5}},{"start":{},"end":{}}],"line":269},"40":{"loc":{"start":{"line":281,"column":14},"end":{"line":281,"column":31}},"type":"binary-expr","locations":[{"start":{"line":281,"column":14},"end":{"line":281,"column":18}},{"start":{"line":281,"column":22},"end":{"line":281,"column":31}}],"line":281},"41":{"loc":{"start":{"line":282,"column":25},"end":{"line":282,"column":64}},"type":"binary-expr","locations":[{"start":{"line":282,"column":25},"end":{"line":282,"column":40}},{"start":{"line":282,"column":44},"end":{"line":282,"column":64}}],"line":282},"42":{"loc":{"start":{"line":283,"column":12},"end":{"line":283,"column":65}},"type":"binary-expr","locations":[{"start":{"line":283,"column":12},"end":{"line":283,"column":27}},{"start":{"line":283,"column":31},"end":{"line":283,"column":36}},{"start":{"line":283,"column":40},"end":{"line":283,"column":45}},{"start":{"line":283,"column":49},"end":{"line":283,"column":65}}],"line":283},"43":{"loc":{"start":{"line":298,"column":12},"end":{"line":298,"column":61}},"type":"binary-expr","locations":[{"start":{"line":298,"column":12},"end":{"line":298,"column":29}},{"start":{"line":298,"column":33},"end":{"line":298,"column":61}}],"line":298},"44":{"loc":{"start":{"line":299,"column":12},"end":{"line":299,"column":61}},"type":"binary-expr","locations":[{"start":{"line":299,"column":12},"end":{"line":299,"column":29}},{"start":{"line":299,"column":33},"end":{"line":299,"column":61}}],"line":299}},"s":{"0":5,"1":5,"2":38,"3":38,"4":38,"5":38,"6":2,"7":36,"8":4,"9":32,"10":1,"11":31,"12":31,"13":31,"14":1,"15":30,"16":11,"17":1,"18":10,"19":0,"20":10,"21":7,"22":3,"23":4,"24":1,"25":3,"26":1,"27":24,"28":24,"29":2,"30":22,"31":22,"32":22,"33":22,"34":0,"35":0,"36":5,"37":23,"38":23,"39":23,"40":23,"41":2,"42":21,"43":21,"44":2,"45":19,"46":19,"47":0,"48":0,"49":5,"50":1,"51":1,"52":1,"53":1,"54":1,"55":1,"56":1,"57":0,"58":0,"59":5,"60":3,"61":3,"62":3,"63":3,"64":1,"65":2,"66":1,"67":1,"68":1,"69":0,"70":0,"71":5,"72":5,"73":5,"74":5,"75":5,"76":5,"77":0,"78":5,"79":0,"80":5,"81":1,"82":4,"83":2,"84":1,"85":1,"86":0,"87":1,"88":0,"89":3,"90":3,"91":1,"92":2,"93":2,"94":0,"95":0},"f":{"0":38,"1":23,"2":1,"3":3,"4":5},"b":{"0":[2,36],"1":[4,32],"2":[36,35],"3":[1,31],"4":[32,31,31,31],"5":[31,1],"6":[1,30],"7":[11,19],"8":[1,10],"9":[0,10],"10":[7,3],"11":[3,4],"12":[7,5],"13":[1,3],"14":[1,2],"15":[2,22],"16":[5,17],"17":[22,5,2],"18":[17,5],"19":[0,22],"20":[22,2],"21":[22,2],"22":[2,21],"23":[2,19],"24":[18,1],"25":[0,19],"26":[1,2],"27":[1,1],"28":[0,5],"29":[0,5],"30":[5,5,5],"31":[1,4],"32":[5,5,5],"33":[2,2],"34":[4,2],"35":[1,1],"36":[2,1],"37":[0,1],"38":[0,1],"39":[1,2],"40":[2,0],"41":[2,1],"42":[2,1,1,1],"43":[2,1],"44":[2,1]},"_coverageSchema":"1a1c01bbd47fc00a2c39e90264f33305004495a9","hash":"8d456b675ac8ebf0a8f9cf18b97204a5fbb90aaf"}
,"C:\\laragon\\www\\SailingLoc\\backend\\routes\\boat.js": {"path":"C:\\laragon\\www\\SailingLoc\\backend\\routes\\boat.js","statementMap":{"0":{"start":{"line":5,"column":15},"end":{"line":5,"column":31}},"1":{"start":{"line":9,"column":2},"end":{"line":11,"column":3}},"2":{"start":{"line":10,"column":4},"end":{"line":10,"column":89}},"3":{"start":{"line":12,"column":2},"end":{"line":12,"column":9}},"4":{"start":{"line":16,"column":0},"end":{"line":23,"column":3}},"5":{"start":{"line":17,"column":2},"end":{"line":22,"column":3}},"6":{"start":{"line":18,"column":18},"end":{"line":18,"column":35}},"7":{"start":{"line":19,"column":4},"end":{"line":19,"column":20}},"8":{"start":{"line":21,"column":4},"end":{"line":21,"column":63}},"9":{"start":{"line":26,"column":0},"end":{"line":40,"column":3}},"10":{"start":{"line":27,"column":2},"end":{"line":39,"column":3}},"11":{"start":{"line":28,"column":18},"end":{"line":30,"column":30}},"12":{"start":{"line":32,"column":4},"end":{"line":32,"column":20}},"13":{"start":{"line":34,"column":4},"end":{"line":34,"column":72}},"14":{"start":{"line":35,"column":4},"end":{"line":38,"column":7}},"15":{"start":{"line":43,"column":0},"end":{"line":68,"column":3}},"16":{"start":{"line":44,"column":2},"end":{"line":67,"column":3}},"17":{"start":{"line":45,"column":17},"end":{"line":45,"column":96}},"18":{"start":{"line":47,"column":4},"end":{"line":51,"column":5}},"19":{"start":{"line":48,"column":6},"end":{"line":50,"column":9}},"20":{"start":{"line":53,"column":4},"end":{"line":53,"column":19}},"21":{"start":{"line":55,"column":4},"end":{"line":55,"column":70}},"22":{"start":{"line":57,"column":4},"end":{"line":61,"column":5}},"23":{"start":{"line":58,"column":6},"end":{"line":60,"column":9}},"24":{"start":{"line":63,"column":4},"end":{"line":66,"column":7}},"25":{"start":{"line":71,"column":0},"end":{"line":205,"column":3}},"26":{"start":{"line":72,"column":2},"end":{"line":204,"column":3}},"27":{"start":{"line":73,"column":103},"end":{"line":73,"column":111}},"28":{"start":{"line":74,"column":25},"end":{"line":74,"column":36}},"29":{"start":{"line":77,"column":4},"end":{"line":81,"column":5}},"30":{"start":{"line":78,"column":6},"end":{"line":80,"column":9}},"31":{"start":{"line":84,"column":4},"end":{"line":88,"column":5}},"32":{"start":{"line":85,"column":6},"end":{"line":87,"column":9}},"33":{"start":{"line":90,"column":4},"end":{"line":94,"column":5}},"34":{"start":{"line":91,"column":6},"end":{"line":93,"column":9}},"35":{"start":{"line":97,"column":4},"end":{"line":101,"column":5}},"36":{"start":{"line":98,"column":6},"end":{"line":100,"column":9}},"37":{"start":{"line":103,"column":4},"end":{"line":107,"column":5}},"38":{"start":{"line":104,"column":6},"end":{"line":106,"column":9}},"39":{"start":{"line":109,"column":4},"end":{"line":113,"column":5}},"40":{"start":{"line":110,"column":6},"end":{"line":112,"column":9}},"41":{"start":{"line":115,"column":4},"end":{"line":119,"column":5}},"42":{"start":{"line":116,"column":6},"end":{"line":118,"column":9}},"43":{"start":{"line":121,"column":4},"end":{"line":125,"column":5}},"44":{"start":{"line":122,"column":6},"end":{"line":124,"column":9}},"45":{"start":{"line":128,"column":4},"end":{"line":132,"column":5}},"46":{"start":{"line":129,"column":6},"end":{"line":131,"column":9}},"47":{"start":{"line":135,"column":28},"end":{"line":140,"column":57}},"48":{"start":{"line":142,"column":4},"end":{"line":146,"column":5}},"49":{"start":{"line":143,"column":6},"end":{"line":145,"column":9}},"50":{"start":{"line":149,"column":32},"end":{"line":149,"column":184}},"51":{"start":{"line":150,"column":4},"end":{"line":154,"column":5}},"52":{"start":{"line":151,"column":6},"end":{"line":153,"column":9}},"53":{"start":{"line":157,"column":25},"end":{"line":157,"column":64}},"54":{"start":{"line":158,"column":4},"end":{"line":162,"column":5}},"55":{"start":{"line":159,"column":6},"end":{"line":161,"column":9}},"56":{"start":{"line":165,"column":20},"end":{"line":176,"column":6}},"57":{"start":{"line":179,"column":22},"end":{"line":179,"column":42}},"58":{"start":{"line":182,"column":4},"end":{"line":182,"column":65}},"59":{"start":{"line":184,"column":4},"end":{"line":188,"column":7}},"60":{"start":{"line":191,"column":4},"end":{"line":191,"column":63}},"61":{"start":{"line":194,"column":4},"end":{"line":198,"column":5}},"62":{"start":{"line":195,"column":6},"end":{"line":197,"column":9}},"63":{"start":{"line":200,"column":4},"end":{"line":203,"column":7}},"64":{"start":{"line":208,"column":0},"end":{"line":344,"column":3}},"65":{"start":{"line":209,"column":2},"end":{"line":343,"column":3}},"66":{"start":{"line":210,"column":19},"end":{"line":210,"column":29}},"67":{"start":{"line":211,"column":23},"end":{"line":211,"column":31}},"68":{"start":{"line":214,"column":19},"end":{"line":214,"column":42}},"69":{"start":{"line":215,"column":4},"end":{"line":217,"column":5}},"70":{"start":{"line":216,"column":6},"end":{"line":216,"column":68}},"71":{"start":{"line":220,"column":4},"end":{"line":222,"column":5}},"72":{"start":{"line":221,"column":6},"end":{"line":221,"column":99}},"73":{"start":{"line":223,"column":4},"end":{"line":225,"column":5}},"74":{"start":{"line":224,"column":6},"end":{"line":224,"column":100}},"75":{"start":{"line":226,"column":4},"end":{"line":228,"column":5}},"76":{"start":{"line":227,"column":6},"end":{"line":227,"column":89}},"77":{"start":{"line":229,"column":4},"end":{"line":231,"column":5}},"78":{"start":{"line":230,"column":6},"end":{"line":230,"column":90}},"79":{"start":{"line":232,"column":4},"end":{"line":234,"column":5}},"80":{"start":{"line":233,"column":6},"end":{"line":233,"column":89}},"81":{"start":{"line":235,"column":4},"end":{"line":237,"column":5}},"82":{"start":{"line":236,"column":6},"end":{"line":236,"column":101}},"83":{"start":{"line":238,"column":4},"end":{"line":240,"column":5}},"84":{"start":{"line":239,"column":6},"end":{"line":239,"column":107}},"85":{"start":{"line":243,"column":20},"end":{"line":243,"column":83}},"86":{"start":{"line":244,"column":21},"end":{"line":244,"column":86}},"87":{"start":{"line":245,"column":22},"end":{"line":245,"column":89}},"88":{"start":{"line":246,"column":28},"end":{"line":246,"column":107}},"89":{"start":{"line":249,"column":4},"end":{"line":257,"column":5}},"90":{"start":{"line":250,"column":24},"end":{"line":250,"column":74}},"91":{"start":{"line":251,"column":6},"end":{"line":253,"column":7}},"92":{"start":{"line":252,"column":8},"end":{"line":252,"column":110}},"93":{"start":{"line":254,"column":6},"end":{"line":256,"column":7}},"94":{"start":{"line":255,"column":8},"end":{"line":255,"column":169}},"95":{"start":{"line":259,"column":4},"end":{"line":266,"column":5}},"96":{"start":{"line":260,"column":24},"end":{"line":260,"column":46}},"97":{"start":{"line":261,"column":29},"end":{"line":261,"column":62}},"98":{"start":{"line":262,"column":6},"end":{"line":264,"column":7}},"99":{"start":{"line":263,"column":8},"end":{"line":263,"column":119}},"100":{"start":{"line":265,"column":6},"end":{"line":265,"column":34}},"101":{"start":{"line":269,"column":4},"end":{"line":273,"column":5}},"102":{"start":{"line":270,"column":6},"end":{"line":272,"column":7}},"103":{"start":{"line":271,"column":8},"end":{"line":271,"column":125}},"104":{"start":{"line":276,"column":4},"end":{"line":280,"column":5}},"105":{"start":{"line":277,"column":6},"end":{"line":279,"column":7}},"106":{"start":{"line":278,"column":8},"end":{"line":278,"column":104}},"107":{"start":{"line":283,"column":4},"end":{"line":287,"column":5}},"108":{"start":{"line":284,"column":6},"end":{"line":286,"column":7}},"109":{"start":{"line":285,"column":8},"end":{"line":285,"column":107}},"110":{"start":{"line":290,"column":27},"end":{"line":290,"column":100}},"111":{"start":{"line":291,"column":27},"end":{"line":291,"column":100}},"112":{"start":{"line":292,"column":4},"end":{"line":294,"column":5}},"113":{"start":{"line":293,"column":6},"end":{"line":293,"column":186}},"114":{"start":{"line":297,"column":4},"end":{"line":312,"column":5}},"115":{"start":{"line":298,"column":6},"end":{"line":311,"column":7}},"116":{"start":{"line":310,"column":8},"end":{"line":310,"column":129}},"117":{"start":{"line":315,"column":4},"end":{"line":324,"column":5}},"118":{"start":{"line":316,"column":34},"end":{"line":316,"column":186}},"119":{"start":{"line":317,"column":6},"end":{"line":322,"column":7}},"120":{"start":{"line":321,"column":8},"end":{"line":321,"column":139}},"121":{"start":{"line":323,"column":6},"end":{"line":323,"column":61}},"122":{"start":{"line":327,"column":4},"end":{"line":333,"column":5}},"123":{"start":{"line":328,"column":24},"end":{"line":328,"column":74}},"124":{"start":{"line":329,"column":27},"end":{"line":329,"column":109}},"125":{"start":{"line":330,"column":6},"end":{"line":332,"column":7}},"126":{"start":{"line":331,"column":8},"end":{"line":331,"column":108}},"127":{"start":{"line":336,"column":26},"end":{"line":336,"column":106}},"128":{"start":{"line":337,"column":4},"end":{"line":339,"column":5}},"129":{"start":{"line":338,"column":6},"end":{"line":338,"column":68}},"130":{"start":{"line":340,"column":4},"end":{"line":340,"column":28}},"131":{"start":{"line":342,"column":4},"end":{"line":342,"column":89}},"132":{"start":{"line":347,"column":0},"end":{"line":358,"column":3}},"133":{"start":{"line":348,"column":2},"end":{"line":357,"column":3}},"134":{"start":{"line":349,"column":19},"end":{"line":349,"column":29}},"135":{"start":{"line":350,"column":27},"end":{"line":350,"column":59}},"136":{"start":{"line":351,"column":4},"end":{"line":353,"column":5}},"137":{"start":{"line":352,"column":6},"end":{"line":352,"column":68}},"138":{"start":{"line":354,"column":4},"end":{"line":354,"column":56}},"139":{"start":{"line":356,"column":4},"end":{"line":356,"column":88}}},"fnMap":{"0":{"name":"requireJsonContent","decl":{"start":{"line":8,"column":9},"end":{"line":8,"column":27}},"loc":{"start":{"line":8,"column":44},"end":{"line":13,"column":1}},"line":8},"1":{"name":"(anonymous_1)","decl":{"start":{"line":16,"column":16},"end":{"line":16,"column":17}},"loc":{"start":{"line":16,"column":36},"end":{"line":23,"column":1}},"line":16},"2":{"name":"(anonymous_2)","decl":{"start":{"line":26,"column":69},"end":{"line":26,"column":70}},"loc":{"start":{"line":26,"column":89},"end":{"line":40,"column":1}},"line":26},"3":{"name":"(anonymous_3)","decl":{"start":{"line":43,"column":19},"end":{"line":43,"column":20}},"loc":{"start":{"line":43,"column":39},"end":{"line":68,"column":1}},"line":43},"4":{"name":"(anonymous_4)","decl":{"start":{"line":71,"column":82},"end":{"line":71,"column":83}},"loc":{"start":{"line":71,"column":102},"end":{"line":205,"column":1}},"line":71},"5":{"name":"(anonymous_5)","decl":{"start":{"line":208,"column":84},"end":{"line":208,"column":85}},"loc":{"start":{"line":208,"column":104},"end":{"line":344,"column":1}},"line":208},"6":{"name":"(anonymous_6)","decl":{"start":{"line":347,"column":67},"end":{"line":347,"column":68}},"loc":{"start":{"line":347,"column":87},"end":{"line":358,"column":1}},"line":347}},"branchMap":{"0":{"loc":{"start":{"line":9,"column":2},"end":{"line":11,"column":3}},"type":"if","locations":[{"start":{"line":9,"column":2},"end":{"line":11,"column":3}},{"start":{},"end":{}}],"line":9},"1":{"loc":{"start":{"line":37,"column":13},"end":{"line":37,"column":86}},"type":"cond-expr","locations":[{"start":{"line":37,"column":54},"end":{"line":37,"column":67}},{"start":{"line":37,"column":70},"end":{"line":37,"column":86}}],"line":37},"2":{"loc":{"start":{"line":47,"column":4},"end":{"line":51,"column":5}},"type":"if","locations":[{"start":{"line":47,"column":4},"end":{"line":51,"column":5}},{"start":{},"end":{}}],"line":47},"3":{"loc":{"start":{"line":57,"column":4},"end":{"line":61,"column":5}},"type":"if","locations":[{"start":{"line":57,"column":4},"end":{"line":61,"column":5}},{"start":{},"end":{}}],"line":57},"4":{"loc":{"start":{"line":65,"column":13},"end":{"line":65,"column":86}},"type":"cond-expr","locations":[{"start":{"line":65,"column":54},"end":{"line":65,"column":67}},{"start":{"line":65,"column":70},"end":{"line":65,"column":86}}],"line":65},"5":{"loc":{"start":{"line":77,"column":4},"end":{"line":81,"column":5}},"type":"if","locations":[{"start":{"line":77,"column":4},"end":{"line":81,"column":5}},{"start":{},"end":{}}],"line":77},"6":{"loc":{"start":{"line":77,"column":8},"end":{"line":77,"column":87}},"type":"binary-expr","locations":[{"start":{"line":77,"column":8},"end":{"line":77,"column":12}},{"start":{"line":77,"column":16},"end":{"line":77,"column":21}},{"start":{"line":77,"column":25},"end":{"line":77,"column":34}},{"start":{"line":77,"column":38},"end":{"line":77,"column":48}},{"start":{"line":77,"column":52},"end":{"line":77,"column":61}},{"start":{"line":77,"column":65},"end":{"line":77,"column":71}},{"start":{"line":77,"column":75},"end":{"line":77,"column":87}}],"line":77},"7":{"loc":{"start":{"line":84,"column":4},"end":{"line":88,"column":5}},"type":"if","locations":[{"start":{"line":84,"column":4},"end":{"line":88,"column":5}},{"start":{},"end":{}}],"line":84},"8":{"loc":{"start":{"line":84,"column":8},"end":{"line":84,"column":123}},"type":"binary-expr","locations":[{"start":{"line":84,"column":8},"end":{"line":84,"column":31}},{"start":{"line":84,"column":35},"end":{"line":84,"column":59}},{"start":{"line":84,"column":63},"end":{"line":84,"column":88}},{"start":{"line":84,"column":92},"end":{"line":84,"column":123}}],"line":84},"9":{"loc":{"start":{"line":90,"column":4},"end":{"line":94,"column":5}},"type":"if","locations":[{"start":{"line":90,"column":4},"end":{"line":94,"column":5}},{"start":{},"end":{}}],"line":90},"10":{"loc":{"start":{"line":90,"column":8},"end":{"line":90,"column":101}},"type":"binary-expr","locations":[{"start":{"line":90,"column":8},"end":{"line":90,"column":36}},{"start":{"line":90,"column":40},"end":{"line":90,"column":69}},{"start":{"line":90,"column":73},"end":{"line":90,"column":101}}],"line":90},"11":{"loc":{"start":{"line":97,"column":4},"end":{"line":101,"column":5}},"type":"if","locations":[{"start":{"line":97,"column":4},"end":{"line":101,"column":5}},{"start":{},"end":{}}],"line":97},"12":{"loc":{"start":{"line":97,"column":8},"end":{"line":97,"column":56}},"type":"binary-expr","locations":[{"start":{"line":97,"column":8},"end":{"line":97,"column":29}},{"start":{"line":97,"column":33},"end":{"line":97,"column":56}}],"line":97},"13":{"loc":{"start":{"line":103,"column":4},"end":{"line":107,"column":5}},"type":"if","locations":[{"start":{"line":103,"column":4},"end":{"line":107,"column":5}},{"start":{},"end":{}}],"line":103},"14":{"loc":{"start":{"line":109,"column":4},"end":{"line":113,"column":5}},"type":"if","locations":[{"start":{"line":109,"column":4},"end":{"line":113,"column":5}},{"start":{},"end":{}}],"line":109},"15":{"loc":{"start":{"line":109,"column":8},"end":{"line":109,"column":38}},"type":"binary-expr","locations":[{"start":{"line":109,"column":8},"end":{"line":109,"column":20}},{"start":{"line":109,"column":24},"end":{"line":109,"column":38}}],"line":109},"16":{"loc":{"start":{"line":115,"column":4},"end":{"line":119,"column":5}},"type":"if","locations":[{"start":{"line":115,"column":4},"end":{"line":119,"column":5}},{"start":{},"end":{}}],"line":115},"17":{"loc":{"start":{"line":121,"column":4},"end":{"line":125,"column":5}},"type":"if","locations":[{"start":{"line":121,"column":4},"end":{"line":125,"column":5}},{"start":{},"end":{}}],"line":121},"18":{"loc":{"start":{"line":121,"column":8},"end":{"line":121,"column":37}},"type":"binary-expr","locations":[{"start":{"line":121,"column":8},"end":{"line":121,"column":20}},{"start":{"line":121,"column":24},"end":{"line":121,"column":37}}],"line":121},"19":{"loc":{"start":{"line":128,"column":4},"end":{"line":132,"column":5}},"type":"if","locations":[{"start":{"line":128,"column":4},"end":{"line":132,"column":5}},{"start":{},"end":{}}],"line":128},"20":{"loc":{"start":{"line":135,"column":28},"end":{"line":140,"column":57}},"type":"binary-expr","locations":[{"start":{"line":135,"column":28},"end":{"line":135,"column":93}},{"start":{"line":136,"column":27},"end":{"line":136,"column":84}},{"start":{"line":137,"column":27},"end":{"line":137,"column":61}},{"start":{"line":138,"column":27},"end":{"line":138,"column":62}},{"start":{"line":139,"column":27},"end":{"line":139,"column":55}},{"start":{"line":140,"column":27},"end":{"line":140,"column":57}}],"line":135},"21":{"loc":{"start":{"line":142,"column":4},"end":{"line":146,"column":5}},"type":"if","locations":[{"start":{"line":142,"column":4},"end":{"line":146,"column":5}},{"start":{},"end":{}}],"line":142},"22":{"loc":{"start":{"line":150,"column":4},"end":{"line":154,"column":5}},"type":"if","locations":[{"start":{"line":150,"column":4},"end":{"line":154,"column":5}},{"start":{},"end":{}}],"line":150},"23":{"loc":{"start":{"line":158,"column":4},"end":{"line":162,"column":5}},"type":"if","locations":[{"start":{"line":158,"column":4},"end":{"line":162,"column":5}},{"start":{},"end":{}}],"line":158},"24":{"loc":{"start":{"line":173,"column":19},"end":{"line":173,"column":56}},"type":"cond-expr","locations":[{"start":{"line":173,"column":33},"end":{"line":173,"column":51}},{"start":{"line":173,"column":54},"end":{"line":173,"column":56}}],"line":173},"25":{"loc":{"start":{"line":174,"column":19},"end":{"line":174,"column":79}},"type":"cond-expr","locations":[{"start":{"line":174,"column":63},"end":{"line":174,"column":74}},{"start":{"line":174,"column":77},"end":{"line":174,"column":79}}],"line":174},"26":{"loc":{"start":{"line":174,"column":19},"end":{"line":174,"column":60}},"type":"binary-expr","locations":[{"start":{"line":174,"column":19},"end":{"line":174,"column":30}},{"start":{"line":174,"column":34},"end":{"line":174,"column":60}}],"line":174},"27":{"loc":{"start":{"line":194,"column":4},"end":{"line":198,"column":5}},"type":"if","locations":[{"start":{"line":194,"column":4},"end":{"line":198,"column":5}},{"start":{},"end":{}}],"line":194},"28":{"loc":{"start":{"line":202,"column":13},"end":{"line":202,"column":86}},"type":"cond-expr","locations":[{"start":{"line":202,"column":54},"end":{"line":202,"column":67}},{"start":{"line":202,"column":70},"end":{"line":202,"column":86}}],"line":202},"29":{"loc":{"start":{"line":215,"column":4},"end":{"line":217,"column":5}},"type":"if","locations":[{"start":{"line":215,"column":4},"end":{"line":217,"column":5}},{"start":{},"end":{}}],"line":215},"30":{"loc":{"start":{"line":220,"column":4},"end":{"line":222,"column":5}},"type":"if","locations":[{"start":{"line":220,"column":4},"end":{"line":222,"column":5}},{"start":{},"end":{}}],"line":220},"31":{"loc":{"start":{"line":220,"column":8},"end":{"line":220,"column":60}},"type":"binary-expr","locations":[{"start":{"line":220,"column":8},"end":{"line":220,"column":22}},{"start":{"line":220,"column":26},"end":{"line":220,"column":60}}],"line":220},"32":{"loc":{"start":{"line":223,"column":4},"end":{"line":225,"column":5}},"type":"if","locations":[{"start":{"line":223,"column":4},"end":{"line":225,"column":5}},{"start":{},"end":{}}],"line":223},"33":{"loc":{"start":{"line":223,"column":8},"end":{"line":223,"column":62}},"type":"binary-expr","locations":[{"start":{"line":223,"column":8},"end":{"line":223,"column":23}},{"start":{"line":223,"column":27},"end":{"line":223,"column":62}}],"line":223},"34":{"loc":{"start":{"line":226,"column":4},"end":{"line":228,"column":5}},"type":"if","locations":[{"start":{"line":226,"column":4},"end":{"line":228,"column":5}},{"start":{},"end":{}}],"line":226},"35":{"loc":{"start":{"line":226,"column":8},"end":{"line":226,"column":102}},"type":"binary-expr","locations":[{"start":{"line":226,"column":8},"end":{"line":226,"column":27}},{"start":{"line":226,"column":32},"end":{"line":226,"column":71}},{"start":{"line":226,"column":75},"end":{"line":226,"column":101}}],"line":226},"36":{"loc":{"start":{"line":229,"column":4},"end":{"line":231,"column":5}},"type":"if","locations":[{"start":{"line":229,"column":4},"end":{"line":231,"column":5}},{"start":{},"end":{}}],"line":229},"37":{"loc":{"start":{"line":229,"column":8},"end":{"line":229,"column":105}},"type":"binary-expr","locations":[{"start":{"line":229,"column":8},"end":{"line":229,"column":28}},{"start":{"line":229,"column":33},"end":{"line":229,"column":73}},{"start":{"line":229,"column":77},"end":{"line":229,"column":104}}],"line":229},"38":{"loc":{"start":{"line":232,"column":4},"end":{"line":234,"column":5}},"type":"if","locations":[{"start":{"line":232,"column":4},"end":{"line":234,"column":5}},{"start":{},"end":{}}],"line":232},"39":{"loc":{"start":{"line":232,"column":8},"end":{"line":232,"column":144}},"type":"binary-expr","locations":[{"start":{"line":232,"column":8},"end":{"line":232,"column":27}},{"start":{"line":232,"column":32},"end":{"line":232,"column":71}},{"start":{"line":232,"column":75},"end":{"line":232,"column":101}},{"start":{"line":232,"column":105},"end":{"line":232,"column":143}}],"line":232},"40":{"loc":{"start":{"line":235,"column":4},"end":{"line":237,"column":5}},"type":"if","locations":[{"start":{"line":235,"column":4},"end":{"line":237,"column":5}},{"start":{},"end":{}}],"line":235},"41":{"loc":{"start":{"line":235,"column":8},"end":{"line":235,"column":64}},"type":"binary-expr","locations":[{"start":{"line":235,"column":8},"end":{"line":235,"column":24}},{"start":{"line":235,"column":28},"end":{"line":235,"column":64}}],"line":235},"42":{"loc":{"start":{"line":238,"column":4},"end":{"line":240,"column":5}},"type":"if","locations":[{"start":{"line":238,"column":4},"end":{"line":240,"column":5}},{"start":{},"end":{}}],"line":238},"43":{"loc":{"start":{"line":238,"column":8},"end":{"line":238,"column":76}},"type":"binary-expr","locations":[{"start":{"line":238,"column":8},"end":{"line":238,"column":30}},{"start":{"line":238,"column":34},"end":{"line":238,"column":76}}],"line":238},"44":{"loc":{"start":{"line":243,"column":20},"end":{"line":243,"column":83}},"type":"cond-expr","locations":[{"start":{"line":243,"column":57},"end":{"line":243,"column":78}},{"start":{"line":243,"column":81},"end":{"line":243,"column":83}}],"line":243},"45":{"loc":{"start":{"line":244,"column":21},"end":{"line":244,"column":86}},"type":"cond-expr","locations":[{"start":{"line":244,"column":59},"end":{"line":244,"column":81}},{"start":{"line":244,"column":84},"end":{"line":244,"column":86}}],"line":244},"46":{"loc":{"start":{"line":245,"column":22},"end":{"line":245,"column":89}},"type":"cond-expr","locations":[{"start":{"line":245,"column":61},"end":{"line":245,"column":84}},{"start":{"line":245,"column":87},"end":{"line":245,"column":89}}],"line":245},"47":{"loc":{"start":{"line":246,"column":28},"end":{"line":246,"column":107}},"type":"cond-expr","locations":[{"start":{"line":246,"column":73},"end":{"line":246,"column":102}},{"start":{"line":246,"column":105},"end":{"line":246,"column":107}}],"line":246},"48":{"loc":{"start":{"line":249,"column":4},"end":{"line":257,"column":5}},"type":"if","locations":[{"start":{"line":249,"column":4},"end":{"line":257,"column":5}},{"start":{},"end":{}}],"line":249},"49":{"loc":{"start":{"line":251,"column":6},"end":{"line":253,"column":7}},"type":"if","locations":[{"start":{"line":251,"column":6},"end":{"line":253,"column":7}},{"start":{},"end":{}}],"line":251},"50":{"loc":{"start":{"line":251,"column":10},"end":{"line":251,"column":56}},"type":"binary-expr","locations":[{"start":{"line":251,"column":10},"end":{"line":251,"column":30}},{"start":{"line":251,"column":34},"end":{"line":251,"column":56}}],"line":251},"51":{"loc":{"start":{"line":254,"column":6},"end":{"line":256,"column":7}},"type":"if","locations":[{"start":{"line":254,"column":6},"end":{"line":256,"column":7}},{"start":{},"end":{}}],"line":254},"52":{"loc":{"start":{"line":259,"column":4},"end":{"line":266,"column":5}},"type":"if","locations":[{"start":{"line":259,"column":4},"end":{"line":266,"column":5}},{"start":{},"end":{}}],"line":259},"53":{"loc":{"start":{"line":262,"column":6},"end":{"line":264,"column":7}},"type":"if","locations":[{"start":{"line":262,"column":6},"end":{"line":264,"column":7}},{"start":{},"end":{}}],"line":262},"54":{"loc":{"start":{"line":269,"column":4},"end":{"line":273,"column":5}},"type":"if","locations":[{"start":{"line":269,"column":4},"end":{"line":273,"column":5}},{"start":{},"end":{}}],"line":269},"55":{"loc":{"start":{"line":270,"column":6},"end":{"line":272,"column":7}},"type":"if","locations":[{"start":{"line":270,"column":6},"end":{"line":272,"column":7}},{"start":{},"end":{}}],"line":270},"56":{"loc":{"start":{"line":270,"column":10},"end":{"line":270,"column":133}},"type":"binary-expr","locations":[{"start":{"line":270,"column":10},"end":{"line":270,"column":49}},{"start":{"line":270,"column":53},"end":{"line":270,"column":77}},{"start":{"line":270,"column":81},"end":{"line":270,"column":104}},{"start":{"line":270,"column":108},"end":{"line":270,"column":133}}],"line":270},"57":{"loc":{"start":{"line":276,"column":4},"end":{"line":280,"column":5}},"type":"if","locations":[{"start":{"line":276,"column":4},"end":{"line":280,"column":5}},{"start":{},"end":{}}],"line":276},"58":{"loc":{"start":{"line":277,"column":6},"end":{"line":279,"column":7}},"type":"if","locations":[{"start":{"line":277,"column":6},"end":{"line":279,"column":7}},{"start":{},"end":{}}],"line":277},"59":{"loc":{"start":{"line":277,"column":10},"end":{"line":277,"column":79}},"type":"binary-expr","locations":[{"start":{"line":277,"column":10},"end":{"line":277,"column":50}},{"start":{"line":277,"column":54},"end":{"line":277,"column":79}}],"line":277},"60":{"loc":{"start":{"line":283,"column":4},"end":{"line":287,"column":5}},"type":"if","locations":[{"start":{"line":283,"column":4},"end":{"line":287,"column":5}},{"start":{},"end":{}}],"line":283},"61":{"loc":{"start":{"line":284,"column":6},"end":{"line":286,"column":7}},"type":"if","locations":[{"start":{"line":284,"column":6},"end":{"line":286,"column":7}},{"start":{},"end":{}}],"line":284},"62":{"loc":{"start":{"line":284,"column":10},"end":{"line":284,"column":76}},"type":"binary-expr","locations":[{"start":{"line":284,"column":10},"end":{"line":284,"column":48}},{"start":{"line":284,"column":52},"end":{"line":284,"column":76}}],"line":284},"63":{"loc":{"start":{"line":290,"column":27},"end":{"line":290,"column":100}},"type":"cond-expr","locations":[{"start":{"line":290,"column":63},"end":{"line":290,"column":82}},{"start":{"line":290,"column":85},"end":{"line":290,"column":100}}],"line":290},"64":{"loc":{"start":{"line":291,"column":27},"end":{"line":291,"column":100}},"type":"cond-expr","locations":[{"start":{"line":291,"column":63},"end":{"line":291,"column":82}},{"start":{"line":291,"column":85},"end":{"line":291,"column":100}}],"line":291},"65":{"loc":{"start":{"line":292,"column":4},"end":{"line":294,"column":5}},"type":"if","locations":[{"start":{"line":292,"column":4},"end":{"line":294,"column":5}},{"start":{},"end":{}}],"line":292},"66":{"loc":{"start":{"line":297,"column":4},"end":{"line":312,"column":5}},"type":"if","locations":[{"start":{"line":297,"column":4},"end":{"line":312,"column":5}},{"start":{},"end":{}}],"line":297},"67":{"loc":{"start":{"line":298,"column":6},"end":{"line":311,"column":7}},"type":"if","locations":[{"start":{"line":298,"column":6},"end":{"line":311,"column":7}},{"start":{},"end":{}}],"line":298},"68":{"loc":{"start":{"line":299,"column":8},"end":{"line":308,"column":9}},"type":"binary-expr","locations":[{"start":{"line":299,"column":8},"end":{"line":299,"column":37}},{"start":{"line":300,"column":8},"end":{"line":308,"column":9}}],"line":299},"69":{"loc":{"start":{"line":301,"column":10},"end":{"line":307,"column":42}},"type":"binary-expr","locations":[{"start":{"line":301,"column":10},"end":{"line":301,"column":72}},{"start":{"line":302,"column":10},"end":{"line":302,"column":64}},{"start":{"line":303,"column":10},"end":{"line":303,"column":41}},{"start":{"line":304,"column":10},"end":{"line":304,"column":42}},{"start":{"line":305,"column":10},"end":{"line":305,"column":35}},{"start":{"line":306,"column":10},"end":{"line":306,"column":37}},{"start":{"line":307,"column":10},"end":{"line":307,"column":42}}],"line":301},"70":{"loc":{"start":{"line":315,"column":4},"end":{"line":324,"column":5}},"type":"if","locations":[{"start":{"line":315,"column":4},"end":{"line":324,"column":5}},{"start":{},"end":{}}],"line":315},"71":{"loc":{"start":{"line":317,"column":6},"end":{"line":322,"column":7}},"type":"if","locations":[{"start":{"line":317,"column":6},"end":{"line":322,"column":7}},{"start":{},"end":{}}],"line":317},"72":{"loc":{"start":{"line":318,"column":8},"end":{"line":319,"column":68}},"type":"binary-expr","locations":[{"start":{"line":318,"column":8},"end":{"line":318,"column":43}},{"start":{"line":319,"column":8},"end":{"line":319,"column":68}}],"line":318},"73":{"loc":{"start":{"line":327,"column":4},"end":{"line":333,"column":5}},"type":"if","locations":[{"start":{"line":327,"column":4},"end":{"line":333,"column":5}},{"start":{},"end":{}}],"line":327},"74":{"loc":{"start":{"line":327,"column":8},"end":{"line":327,"column":48}},"type":"binary-expr","locations":[{"start":{"line":327,"column":8},"end":{"line":327,"column":22}},{"start":{"line":327,"column":26},"end":{"line":327,"column":48}}],"line":327},"75":{"loc":{"start":{"line":330,"column":6},"end":{"line":332,"column":7}},"type":"if","locations":[{"start":{"line":330,"column":6},"end":{"line":332,"column":7}},{"start":{},"end":{}}],"line":330},"76":{"loc":{"start":{"line":330,"column":10},"end":{"line":330,"column":60}},"type":"binary-expr","locations":[{"start":{"line":330,"column":10},"end":{"line":330,"column":22}},{"start":{"line":330,"column":26},"end":{"line":330,"column":60}}],"line":330},"77":{"loc":{"start":{"line":337,"column":4},"end":{"line":339,"column":5}},"type":"if","locations":[{"start":{"line":337,"column":4},"end":{"line":339,"column":5}},{"start":{},"end":{}}],"line":337},"78":{"loc":{"start":{"line":351,"column":4},"end":{"line":353,"column":5}},"type":"if","locations":[{"start":{"line":351,"column":4},"end":{"line":353,"column":5}},{"start":{},"end":{}}],"line":351}},"s":{"0":5,"1":37,"2":1,"3":36,"4":5,"5":3,"6":3,"7":3,"8":0,"9":5,"10":1,"11":1,"12":1,"13":0,"14":0,"15":5,"16":6,"17":6,"18":2,"19":1,"20":1,"21":4,"22":4,"23":1,"24":3,"25":5,"26":30,"27":30,"28":30,"29":30,"30":5,"31":25,"32":0,"33":25,"34":1,"35":24,"36":0,"37":24,"38":2,"39":22,"40":1,"41":21,"42":1,"43":20,"44":1,"45":19,"46":1,"47":18,"48":18,"49":1,"50":17,"51":17,"52":1,"53":16,"54":16,"55":2,"56":14,"57":14,"58":14,"59":14,"60":0,"61":0,"62":0,"63":0,"64":5,"65":3,"66":3,"67":3,"68":3,"69":3,"70":0,"71":3,"72":0,"73":3,"74":0,"75":3,"76":0,"77":3,"78":1,"79":2,"80":0,"81":2,"82":0,"83":2,"84":0,"85":2,"86":2,"87":2,"88":2,"89":2,"90":0,"91":0,"92":0,"93":0,"94":0,"95":2,"96":0,"97":0,"98":0,"99":0,"100":0,"101":2,"102":0,"103":0,"104":2,"105":1,"106":0,"107":2,"108":1,"109":0,"110":2,"111":2,"112":2,"113":1,"114":1,"115":0,"116":0,"117":1,"118":0,"119":0,"120":0,"121":0,"122":1,"123":0,"124":0,"125":0,"126":0,"127":1,"128":1,"129":0,"130":1,"131":0,"132":5,"133":3,"134":3,"135":3,"136":2,"137":1,"138":1,"139":1},"f":{"0":37,"1":3,"2":1,"3":6,"4":30,"5":3,"6":3},"b":{"0":[1,36],"1":[0,0],"2":[1,1],"3":[1,3],"4":[0,3],"5":[5,25],"6":[30,28,27,27,26,25,25],"7":[0,25],"8":[25,25,25,25],"9":[1,24],"10":[25,24,24],"11":[0,24],"12":[24,24],"13":[2,22],"14":[1,21],"15":[22,21],"16":[1,20],"17":[1,19],"18":[20,20],"19":[1,18],"20":[18,18,18,18,13,1],"21":[1,17],"22":[1,16],"23":[2,14],"24":[11,3],"25":[11,3],"26":[14,11],"27":[0,0],"28":[0,0],"29":[0,3],"30":[0,3],"31":[3,0],"32":[0,3],"33":[3,0],"34":[0,3],"35":[3,0,0],"36":[1,2],"37":[3,2,1],"38":[0,2],"39":[2,1,1,1],"40":[0,2],"41":[2,0],"42":[0,2],"43":[2,0],"44":[0,2],"45":[0,2],"46":[0,2],"47":[0,2],"48":[0,2],"49":[0,0],"50":[0,0],"51":[0,0],"52":[0,2],"53":[0,0],"54":[0,2],"55":[0,0],"56":[0,0,0,0],"57":[1,1],"58":[0,1],"59":[1,1],"60":[1,1],"61":[0,1],"62":[1,1],"63":[0,2],"64":[1,1],"65":[1,1],"66":[0,1],"67":[0,0],"68":[0,0],"69":[0,0,0,0,0,0,0],"70":[0,1],"71":[0,0],"72":[0,0],"73":[0,1],"74":[1,0],"75":[0,0],"76":[0,0],"77":[0,1],"78":[1,1]},"_coverageSchema":"1a1c01bbd47fc00a2c39e90264f33305004495a9","hash":"25800bc30d843dad509f6250c93b0f1cd891149f"}
,"C:\\laragon\\www\\SailingLoc\\backend\\routes\\bookings.js": {"path":"C:\\laragon\\www\\SailingLoc\\backend\\routes\\bookings.js","statementMap":{"0":{"start":{"line":6,"column":15},"end":{"line":6,"column":31}},"1":{"start":{"line":11,"column":0},"end":{"line":76,"column":3}},"2":{"start":{"line":12,"column":2},"end":{"line":75,"column":3}},"3":{"start":{"line":13,"column":76},"end":{"line":13,"column":84}},"4":{"start":{"line":14,"column":19},"end":{"line":14,"column":30}},"5":{"start":{"line":17,"column":4},"end":{"line":19,"column":5}},"6":{"start":{"line":18,"column":6},"end":{"line":18,"column":91}},"7":{"start":{"line":21,"column":4},"end":{"line":23,"column":5}},"8":{"start":{"line":22,"column":6},"end":{"line":22,"column":98}},"9":{"start":{"line":26,"column":31},"end":{"line":35,"column":6}},"10":{"start":{"line":37,"column":4},"end":{"line":39,"column":5}},"11":{"start":{"line":38,"column":6},"end":{"line":38,"column":97}},"12":{"start":{"line":42,"column":18},"end":{"line":42,"column":37}},"13":{"start":{"line":43,"column":16},"end":{"line":43,"column":33}},"14":{"start":{"line":44,"column":17},"end":{"line":44,"column":65}},"15":{"start":{"line":47,"column":17},"end":{"line":47,"column":62}},"16":{"start":{"line":48,"column":4},"end":{"line":50,"column":5}},"17":{"start":{"line":49,"column":6},"end":{"line":49,"column":68}},"18":{"start":{"line":52,"column":23},"end":{"line":52,"column":44}},"19":{"start":{"line":54,"column":20},"end":{"line":64,"column":6}},"20":{"start":{"line":66,"column":4},"end":{"line":66,"column":25}},"21":{"start":{"line":68,"column":4},"end":{"line":71,"column":7}},"22":{"start":{"line":73,"column":4},"end":{"line":73,"column":57}},"23":{"start":{"line":74,"column":4},"end":{"line":74,"column":56}},"24":{"start":{"line":81,"column":0},"end":{"line":96,"column":3}},"25":{"start":{"line":82,"column":2},"end":{"line":95,"column":3}},"26":{"start":{"line":83,"column":21},"end":{"line":85,"column":30}},"27":{"start":{"line":87,"column":4},"end":{"line":91,"column":7}},"28":{"start":{"line":93,"column":4},"end":{"line":93,"column":62}},"29":{"start":{"line":94,"column":4},"end":{"line":94,"column":56}},"30":{"start":{"line":101,"column":0},"end":{"line":124,"column":3}},"31":{"start":{"line":102,"column":2},"end":{"line":123,"column":3}},"32":{"start":{"line":103,"column":20},"end":{"line":105,"column":58}},"33":{"start":{"line":107,"column":4},"end":{"line":109,"column":5}},"34":{"start":{"line":108,"column":6},"end":{"line":108,"column":74}},"35":{"start":{"line":112,"column":4},"end":{"line":114,"column":5}},"36":{"start":{"line":113,"column":6},"end":{"line":113,"column":69}},"37":{"start":{"line":116,"column":4},"end":{"line":119,"column":7}},"38":{"start":{"line":121,"column":4},"end":{"line":121,"column":61}},"39":{"start":{"line":122,"column":4},"end":{"line":122,"column":56}},"40":{"start":{"line":129,"column":0},"end":{"line":160,"column":3}},"41":{"start":{"line":130,"column":2},"end":{"line":159,"column":3}},"42":{"start":{"line":131,"column":20},"end":{"line":131,"column":57}},"43":{"start":{"line":133,"column":4},"end":{"line":135,"column":5}},"44":{"start":{"line":134,"column":6},"end":{"line":134,"column":74}},"45":{"start":{"line":137,"column":4},"end":{"line":139,"column":5}},"46":{"start":{"line":138,"column":6},"end":{"line":138,"column":69}},"47":{"start":{"line":141,"column":4},"end":{"line":143,"column":5}},"48":{"start":{"line":142,"column":6},"end":{"line":142,"column":82}},"49":{"start":{"line":145,"column":4},"end":{"line":147,"column":5}},"50":{"start":{"line":146,"column":6},"end":{"line":146,"column":97}},"51":{"start":{"line":149,"column":4},"end":{"line":149,"column":33}},"52":{"start":{"line":150,"column":4},"end":{"line":150,"column":25}},"53":{"start":{"line":152,"column":4},"end":{"line":155,"column":7}},"54":{"start":{"line":157,"column":4},"end":{"line":157,"column":59}},"55":{"start":{"line":158,"column":4},"end":{"line":158,"column":56}},"56":{"start":{"line":165,"column":0},"end":{"line":199,"column":3}},"57":{"start":{"line":166,"column":2},"end":{"line":198,"column":3}},"58":{"start":{"line":167,"column":45},"end":{"line":167,"column":54}},"59":{"start":{"line":169,"column":16},"end":{"line":169,"column":18}},"60":{"start":{"line":170,"column":4},"end":{"line":172,"column":5}},"61":{"start":{"line":171,"column":6},"end":{"line":171,"column":28}},"62":{"start":{"line":174,"column":17},"end":{"line":174,"column":35}},"63":{"start":{"line":176,"column":21},"end":{"line":181,"column":29}},"64":{"start":{"line":183,"column":18},"end":{"line":183,"column":53}},"65":{"start":{"line":185,"column":4},"end":{"line":194,"column":7}},"66":{"start":{"line":196,"column":4},"end":{"line":196,"column":68}},"67":{"start":{"line":197,"column":4},"end":{"line":197,"column":56}},"68":{"start":{"line":204,"column":0},"end":{"line":228,"column":3}},"69":{"start":{"line":205,"column":2},"end":{"line":227,"column":3}},"70":{"start":{"line":206,"column":16},"end":{"line":206,"column":26}},"71":{"start":{"line":209,"column":19},"end":{"line":217,"column":5}},"72":{"start":{"line":219,"column":4},"end":{"line":223,"column":7}},"73":{"start":{"line":225,"column":4},"end":{"line":225,"column":72}},"74":{"start":{"line":226,"column":4},"end":{"line":226,"column":56}},"75":{"start":{"line":233,"column":0},"end":{"line":261,"column":3}},"76":{"start":{"line":234,"column":2},"end":{"line":260,"column":3}},"77":{"start":{"line":235,"column":23},"end":{"line":235,"column":31}},"78":{"start":{"line":236,"column":26},"end":{"line":236,"column":76}},"79":{"start":{"line":238,"column":4},"end":{"line":240,"column":5}},"80":{"start":{"line":239,"column":6},"end":{"line":239,"column":66}},"81":{"start":{"line":242,"column":20},"end":{"line":247,"column":45}},"82":{"start":{"line":249,"column":4},"end":{"line":251,"column":5}},"83":{"start":{"line":250,"column":6},"end":{"line":250,"column":74}},"84":{"start":{"line":253,"column":4},"end":{"line":256,"column":7}},"85":{"start":{"line":258,"column":4},"end":{"line":258,"column":67}},"86":{"start":{"line":259,"column":4},"end":{"line":259,"column":56}}},"fnMap":{"0":{"name":"(anonymous_0)","decl":{"start":{"line":11,"column":26},"end":{"line":11,"column":27}},"loc":{"start":{"line":11,"column":46},"end":{"line":76,"column":1}},"line":11},"1":{"name":"(anonymous_1)","decl":{"start":{"line":81,"column":36},"end":{"line":81,"column":37}},"loc":{"start":{"line":81,"column":56},"end":{"line":96,"column":1}},"line":81},"2":{"name":"(anonymous_2)","decl":{"start":{"line":101,"column":28},"end":{"line":101,"column":29}},"loc":{"start":{"line":101,"column":48},"end":{"line":124,"column":1}},"line":101},"3":{"name":"(anonymous_3)","decl":{"start":{"line":129,"column":35},"end":{"line":129,"column":36}},"loc":{"start":{"line":129,"column":55},"end":{"line":160,"column":1}},"line":129},"4":{"name":"(anonymous_4)","decl":{"start":{"line":165,"column":45},"end":{"line":165,"column":46}},"loc":{"start":{"line":165,"column":65},"end":{"line":199,"column":1}},"line":165},"5":{"name":"(anonymous_5)","decl":{"start":{"line":204,"column":58},"end":{"line":204,"column":59}},"loc":{"start":{"line":204,"column":78},"end":{"line":228,"column":1}},"line":204},"6":{"name":"(anonymous_6)","decl":{"start":{"line":233,"column":55},"end":{"line":233,"column":56}},"loc":{"start":{"line":233,"column":75},"end":{"line":261,"column":1}},"line":233}},"branchMap":{"0":{"loc":{"sta
[...]
tart":{"line":210,"column":0},"end":{"line":237,"column":3}},"72":{"start":{"line":211,"column":2},"end":{"line":236,"column":3}},"73":{"start":{"line":212,"column":19},"end":{"line":212,"column":55}},"74":{"start":{"line":214,"column":4},"end":{"line":216,"column":5}},"75":{"start":{"line":215,"column":6},"end":{"line":215,"column":66}},"76":{"start":{"line":219,"column":4},"end":{"line":221,"column":5}},"77":{"start":{"line":220,"column":6},"end":{"line":220,"column":69}},"78":{"start":{"line":223,"column":4},"end":{"line":223,"column":29}},"79":{"start":{"line":226,"column":26},"end":{"line":226,"column":70}},"80":{"start":{"line":228,"column":4},"end":{"line":232,"column":7}},"81":{"start":{"line":234,"column":4},"end":{"line":234,"column":53}},"82":{"start":{"line":235,"column":4},"end":{"line":235,"column":56}},"83":{"start":{"line":242,"column":0},"end":{"line":266,"column":3}},"84":{"start":{"line":243,"column":2},"end":{"line":265,"column":3}},"85":{"start":{"line":244,"column":34},"end":{"line":244,"column":43}},"86":{"start":{"line":246,"column":16},"end":{"line":246,"column":18}},"87":{"start":{"line":247,"column":4},"end":{"line":249,"column":5}},"88":{"start":{"line":248,"column":6},"end":{"line":248,"column":38}},"89":{"start":{"line":251,"column":20},"end":{"line":255,"column":29}},"90":{"start":{"line":257,"column":4},"end":{"line":261,"column":7}},"91":{"start":{"line":263,"column":4},"end":{"line":263,"column":62}},"92":{"start":{"line":264,"column":4},"end":{"line":264,"column":56}},"93":{"start":{"line":271,"column":0},"end":{"line":290,"column":3}},"94":{"start":{"line":272,"column":2},"end":{"line":289,"column":3}},"95":{"start":{"line":273,"column":26},"end":{"line":273,"column":35}},"96":{"start":{"line":275,"column":20},"end":{"line":279,"column":29}},"97":{"start":{"line":281,"column":4},"end":{"line":285,"column":7}},"98":{"start":{"line":287,"column":4},"end":{"line":287,"column":64}},"99":{"start":{"line":288,"column":4},"end":{"line":288,"column":56}},"100":{"start":{"line":295,"column":0},"end":{"line":314,"column":3}},"101":{"start":{"line":296,"column":2},"end":{"line":313,"column":3}},"102":{"start":{"line":297,"column":26},"end":{"line":297,"column":35}},"103":{"start":{"line":299,"column":20},"end":{"line":303,"column":29}},"104":{"start":{"line":305,"column":4},"end":{"line":309,"column":7}},"105":{"start":{"line":311,"column":4},"end":{"line":311,"column":64}},"106":{"start":{"line":312,"column":4},"end":{"line":312,"column":56}},"107":{"start":{"line":319,"column":0},"end":{"line":352,"column":3}},"108":{"start":{"line":320,"column":2},"end":{"line":351,"column":3}},"109":{"start":{"line":321,"column":53},"end":{"line":321,"column":62}},"110":{"start":{"line":323,"column":16},"end":{"line":323,"column":18}},"111":{"start":{"line":324,"column":4},"end":{"line":324,"column":48}},"112":{"start":{"line":324,"column":16},"end":{"line":324,"column":48}},"113":{"start":{"line":325,"column":4},"end":{"line":325,"column":38}},"114":{"start":{"line":325,"column":16},"end":{"line":325,"column":38}},"115":{"start":{"line":327,"column":17},"end":{"line":327,"column":35}},"116":{"start":{"line":329,"column":20},"end":{"line":334,"column":29}},"117":{"start":{"line":336,"column":18},"end":{"line":336,"column":52}},"118":{"start":{"line":338,"column":4},"end":{"line":347,"column":7}},"119":{"start":{"line":349,"column":4},"end":{"line":349,"column":60}},"120":{"start":{"line":350,"column":4},"end":{"line":350,"column":56}}},"fnMap":{"0":{"name":"(anonymous_0)","decl":{"start":{"line":11,"column":26},"end":{"line":11,"column":27}},"loc":{"start":{"line":11,"column":46},"end":{"line":61,"column":1}},"line":11},"1":{"name":"(anonymous_1)","decl":{"start":{"line":66,"column":28},"end":{"line":66,"column":29}},"loc":{"start":{"line":66,"column":48},"end":{"line":102,"column":1}},"line":66},"2":{"name":"(anonymous_2)","decl":{"start":{"line":107,"column":35},"end":{"line":107,"column":36}},"loc":{"start":{"line":107,"column":55},"end":{"line":122,"column":1}},"line":107},"3":{"name":"(anonymous_3)","decl":{"start":{"line":127,"column":19},"end":{"line":127,"column":20}},"loc":{"start":{"line":127,"column":39},"end":{"line":145,"column":1}},"line":127},"4":{"name":"(anonymous_4)","decl":{"start":{"line":150,"column":27},"end":{"line":150,"column":28}},"loc":{"start":{"line":150,"column":47},"end":{"line":168,"column":1}},"line":150},"5":{"name":"(anonymous_5)","decl":{"start":{"line":173,"column":28},"end":{"line":173,"column":29}},"loc":{"start":{"line":173,"column":48},"end":{"line":205,"column":1}},"line":173},"6":{"name":"(anonymous_6)","decl":{"start":{"line":210,"column":31},"end":{"line":210,"column":32}},"loc":{"start":{"line":210,"column":51},"end":{"line":237,"column":1}},"line":210},"7":{"name":"(anonymous_7)","decl":{"start":{"line":242,"column":22},"end":{"line":242,"column":23}},"loc":{"start":{"line":242,"column":42},"end":{"line":266,"column":1}},"line":242},"8":{"name":"(anonymous_8)","decl":{"start":{"line":271,"column":19},"end":{"line":271,"column":20}},"loc":{"start":{"line":271,"column":39},"end":{"line":290,"column":1}},"line":271},"9":{"name":"(anonymous_9)","decl":{"start":{"line":295,"column":26},"end":{"line":295,"column":27}},"loc":{"start":{"line":295,"column":46},"end":{"line":314,"column":1}},"line":295},"10":{"name":"(anonymous_10)","decl":{"start":{"line":319,"column":45},"end":{"line":319,"column":46}},"loc":{"start":{"line":319,"column":65},"end":{"line":352,"column":1}},"line":319}},"branchMap":{"0":{"loc":{"start":{"line":22,"column":4},"end":{"line":26,"column":5}},"type":"if","locations":[{"start":{"line":22,"column":4},"end":{"line":26,"column":5}},{"start":{},"end":{}}],"line":22},"1":{"loc":{"start":{"line":29,"column":4},"end":{"line":36,"column":5}},"type":"if","locations":[{"start":{"line":29,"column":4},"end":{"line":36,"column":5}},{"start":{},"end":{}}],"line":29},"2":{"loc":{"start":{"line":31,"column":6},"end":{"line":35,"column":7}},"type":"if","locations":[{"start":{"line":31,"column":6},"end":{"line":35,"column":7}},{"start":{},"end":{}}],"line":31},"3":{"loc":{"start":{"line":31,"column":10},"end":{"line":31,"column":58}},"type":"binary-expr","locations":[{"start":{"line":31,"column":10},"end":{"line":31,"column":18}},{"start":{"line":31,"column":22},"end":{"line":31,"column":58}}],"line":31},"4":{"loc":{"start":{"line":44,"column":14},"end":{"line":44,"column":26}},"type":"binary-expr","locations":[{"start":{"line":44,"column":14},"end":{"line":44,"column":20}},{"start":{"line":44,"column":24},"end":{"line":44,"column":26}}],"line":44},"5":{"loc":{"start":{"line":68,"column":12},"end":{"line":68,"column":20}},"type":"default-arg","locations":[{"start":{"line":68,"column":19},"end":{"line":68,"column":20}}],"line":68},"6":{"loc":{"start":{"line":68,"column":22},"end":{"line":68,"column":32}},"type":"default-arg","locations":[{"start":{"line":68,"column":30},"end":{"line":68,"column":32}}],"line":68},"7":{"loc":{"start":{"line":72,"column":4},"end":{"line":74,"column":5}},"type":"if","locations":[{"start":{"line":72,"column":4},"end":{"line":74,"column":5}},{"start":{},"end":{}}],"line":72},"8":{"loc":{"start":{"line":133,"column":4},"end":{"line":135,"column":5}},"type":"if","locations":[{"start":{"line":133,"column":4},"end":{"line":135,"column":5}},{"start":{},"end":{}}],"line":133},"9":{"loc":{"start":{"line":154,"column":4},"end":{"line":156,"column":5}},"type":"if","locations":[{"start":{"line":154,"column":4},"end":{"line":156,"column":5}},{"start":{},"end":{}}],"line":154},"10":{"loc":{"start":{"line":178,"column":4},"end":{"line":180,"column":5}},"type":"if","locations":[{"start":{"line":178,"column":4},"end":{"line":180,"column":5}},{"start":{},"end":{}}],"line":178},"11":{"loc":{"start":{"line":183,"column":4},"end":{"line":185,"column":5}},"type":"if","locations":[{"start":{"line":183,"column":4},"end":{"line":185,"column":5}},{"start":{},"end":{}}],"line":183},"12":{"loc":{"start":{"line":183,"column":8},"end":{"line":183,"column":77}},"type":"binary-expr","locations":[{"start":{"line":183,"column":8},"end":{"line":183,"column":48}},{"start":{"line":183,"column":52},"end":{"line":183,"column":77}}],"line":183},"13":{"loc":{"start":{"line":187,"column":20},"end":{"line":187,"column":43}},"type":"binary-expr","locations":[{"start":{"line":187,"column":20},"end":{"line":187,"column":26}},{"start":{"line":187,"column":30},"end":{"line":187,"column":43}}],"line":187},"14":{"loc":{"start":{"line":188,"column":21},"end":{"line":188,"column":46}},"type":"binary-expr","locations":[{"start":{"line":188,"column":21},"end":{"line":188,"column":28}},{"start":{"line":188,"column":32},"end":{"line":188,"column":46}}],"line":188},"15":{"loc":{"start":{"line":189,"column":20},"end":{"line":189,"column":43}},"type":"binary-expr","locations":[{"start":{"line":189,"column":20},"end":{"line":189,"column":26}},{"start":{"line":189,"column":30},"end":{"line":189,"column":43}}],"line":189},"16":{"loc":{"start":{"line":214,"column":4},"end":{"line":216,"column":5}},"type":"if","locations":[{"start":{"line":214,"column":4},"end":{"line":216,"column":5}},{"start":{},"end":{}}],"line":214},"17":{"loc":{"start":{"line":219,"column":4},"end":{"line":221,"column":5}},"type":"if","locations":[{"start":{"line":219,"column":4},"end":{"line":221,"column":5}},{"start":{},"end":{}}],"line":219},"18":{"loc":{"start":{"line":219,"column":8},"end":{"line":219,"column":77}},"type":"binary-expr","locations":[{"start":{"line":219,"column":8},"end":{"line":219,"column":48}},{"start":{"line":219,"column":52},"end":{"line":219,"column":77}}],"line":219},"19":{"loc":{"start":{"line":244,"column":12},"end":{"line":244,"column":21}},"type":"default-arg","locations":[{"start":{"line":244,"column":20},"end":{"line":244,"column":21}}],"line":244},"20":{"loc":{"start":{"line":247,"column":4},"end":{"line":249,"column":5}},"type":"if","locations":[{"start":{"line":247,"column":4},"end":{"line":249,"column":5}},{"start":{},"end":{}}],"line":247},"21":{"loc":{"start":{"line":273,"column":12},"end":{"line":273,"column":21}},"type":"default-arg","locations":[{"start":{"line":273,"column":20},"end":{"line":273,"column":21}}],"line":273},"22":{"loc":{"start":{"line":297,"column":12},"end":{"line":297,"column":21}},"type":"default-arg","locations":[{"start":{"line":297,"column":20},"end":{"line":297,"column":21}}],"line":297},"23":{"loc":{"start":{"line":321,"column":12},"end":{"line":321,"column":20}},"type":"default-arg","locations":[{"start":{"line":321,"column":19},"end":{"line":321,"column":20}}],"line":321},"24":{"loc":{"start":{"line":321,"column":22},"end":{"line":321,"column":32}},"type":"default-arg","locations":[{"start":{"line":321,"column":30},"end":{"line":321,"column":32}}],"line":321},"25":{"loc":{"start":{"line":324,"column":4},"end":{"line":324,"column":48}},"type":"if","locations":[{"start":{"line":324,"column":4},"end":{"line":324,"column":48}},{"start":{},"end":{}}],"line":324},"26":{"loc":{"start":{"line":325,"column":4},"end":{"line":325,"column":38}},"type":"if","locations":[{"start":{"line":325,"column":4},"end":{"line":325,"column":38}},{"start":{},"end":{}}],"line":325}},"s":{"0":3,"1":3,"2":1,"3":1,"4":1,"5":1,"6":1,"7":0,"8":1,"9":1,"10":1,"11":0,"12":1,"13":1,"14":1,"15":1,"16":0,"17":0,"18":3,"19":0,"20":0,"21":0,"22":0,"23":0,"24":0,"25":0,"26":0,"27":0,"28":0,"29":0,"30":0,"31":0,"32":3,"33":0,"34":0,"35":0,"36":0,"37":0,"38":3,"39":0,"40":0,"41":0,"42":0,"43":0,"44":0,"45":0,"46":3,"47":0,"48":0,"49":0,"50":0,"51":0,"52":0,"53":0,"54":0,"55":3,"56":0,"57":0,"58":0,"59":0,"60":0,"61":0,"62":0,"63":0,"64":0,"65":0,"66":0,"67":0,"68":0,"69":0,"70":0,"71":3,"72":0,"73":0,"74":0,"75":0,"76":0,"77":0,"78":0,"79":0,"80":0,"81":0,"82":0,"83":3,"84":0,"85":0,"86":0,"87":0,"88":0,"89":0,"90":0,"91":0,"92":0,"93":3,"94":0,"95":0,"96":0,"97":0,"98":0,"99":0,"100":3,"101":0,"102":0,"103":0,"104":0,"105":0,"106":0,"107":3,"108":0,"109":0,"110":0,"111":0,"112":0,"113":0,"114":0,"115":0,"116":0,"117":0,"118":0,"119":0,"120":0},"f":{"0":1,"1":0,"2":0,"3":0,"4":0,"5":0,"6":0,"7":0,"8":0,"9":0,"10":0},"b":{"0":[0,1],"1":[1,0],"2":[0,1],"3":[1,1],"4":[1,1],"5":[0],"6":[0],"7":[0,0],"8":[0,0],"9":[0,0],"10":[0,0],"11":[0,0],"12":[0,0],"13":[0,0],"14":[0,0],"15":[0,0],"16":[0,0],"17":[0,0],"18":[0,0],"19":[0],"20":[0,0],"21":[0],"22":[0],"23":[0],"24":[0],"25":[0,0],"26":[0,0]},"_coverageSchema":"1a1c01bbd47fc00a2c39e90264f33305004495a9","hash":"28a03ba5e57d6bb9d44d1755063e3228688015ce"}
,"C:\\laragon\\www\\SailingLoc\\backend\\routes\\user.js": {"path":"C:\\laragon\\www\\SailingLoc\\backend\\routes\\user.js","statementMap":{"0":{"start":{"line":8,"column":15},"end":{"line":8,"column":23}},"1":{"start":{"line":10,"column":0},"end":{"line":61,"column":3}},"2":{"start":{"line":11,"column":2},"end":{"line":60,"column":3}},"3":{"start":{"line":12,"column":74},"end":{"line":12,"column":82}},"4":{"start":{"line":15,"column":24},"end":{"line":15,"column":47}},"5":{"start":{"line":16,"column":4},"end":{"line":16,"column":89}},"6":{"start":{"line":16,"column":22},"end":{"line":16,"column":89}},"7":{"start":{"line":18,"column":25},"end":{"line":18,"column":63}},"8":{"start":{"line":22,"column":23},"end":{"line":22,"column":98}},"9":{"start":{"line":23,"column":4},"end":{"line":30,"column":5}},"10":{"start":{"line":24,"column":6},"end":{"line":26,"column":7}},"11":{"start":{"line":25,"column":8},"end":{"line":25,"column":35}},"12":{"start":{"line":27,"column":6},"end":{"line":29,"column":7}},"13":{"start":{"line":28,"column":8},"end":{"line":28,"column":35}},"14":{"start":{"line":32,"column":4},"end":{"line":36,"column":5}},"15":{"start":{"line":34,"column":21},"end":{"line":34,"column":45}},"16":{"start":{"line":35,"column":6},"end":{"line":35,"column":70}},"17":{"start":{"line":38,"column":17},"end":{"line":42,"column":5}},"18":{"start":{"line":44,"column":4},"end":{"line":44,"column":82}},"19":{"start":{"line":44,"column":15},"end":{"line":44,"column":82}},"20":{"start":{"line":46,"column":4},"end":{"line":57,"column":7}},"21":{"start":{"line":59,"column":4},"end":{"line":59,"column":81}},"22":{"start":{"line":64,"column":0},"end":{"line":124,"column":3}},"23":{"start":{"line":65,"column":2},"end":{"line":123,"column":3}},"24":{"start":{"line":67,"column":4},"end":{"line":69,"column":5}},"25":{"start":{"line":68,"column":6},"end":{"line":68,"column":73}},"26":{"start":{"line":70,"column":19},"end":{"line":70,"column":31}},"27":{"start":{"line":72,"column":4},"end":{"line":74,"column":5}},"28":{"start":{"line":73,"column":6},"end":{"line":73,"column":84}},"29":{"start":{"line":77,"column":17},"end":{"line":77,"column":44}},"30":{"start":{"line":78,"column":4},"end":{"line":80,"column":5}},"31":{"start":{"line":79,"column":6},"end":{"line":79,"column":73}},"32":{"start":{"line":83,"column":23},"end":{"line":83,"column":78}},"33":{"start":{"line":84,"column":25},"end":{"line":84,"column":51}},"34":{"start":{"line":84,"column":45},"end":{"line":84,"column":50}},"35":{"start":{"line":87,"column":4},"end":{"line":92,"column":7}},"36":{"start":{"line":93,"column":4},"end":{"line":93,"column":87}},"37":{"start":{"line":96,"column":4},"end":{"line":101,"column":7}},"38":{"start":{"line":102,"column":4},"end":{"line":102,"column":82}},"39":{"start":{"line":105,"column":4},"end":{"line":105,"column":52}},"40":{"start":{"line":106,"column":4},"end":{"line":106,"column":66}},"41":{"start":{"line":109,"column":4},"end":{"line":109,"column":41}},"42":{"start":{"line":110,"column":4},"end":{"line":110,"column":62}},"43":{"start":{"line":112,"column":4},"end":{"line":115,"column":7}},"44":{"start":{"line":118,"column":4},"end":{"line":118,"column":69}},"45":{"start":{"line":119,"column":4},"end":{"line":122,"column":7}}},"fnMap":{"0":{"name":"(anonymous_0)","decl":{"start":{"line":10,"column":22},"end":{"line":10,"column":23}},"loc":{"start":{"line":10,"column":42},"end":{"line":61,"column":1}},"line":10},"1":{"name":"(anonymous_1)","decl":{"start":{"line":64,"column":42},"end":{"line":64,"column":43}},"loc":{"start":{"line":64,"column":62},"end":{"line":124,"column":1}},"line":64},"2":{"name":"(anonymous_2)","decl":{"start":{"line":84,"column":40},"end":{"line":84,"column":41}},"loc":{"start":{"line":84,"column":45},"end":{"line":84,"column":50}},"line":84}},"branchMap":{"0":{"loc":{"start":{"line":16,"column":4},"end":{"line":16,"column":89}},"type":"if","locations":[{"start":{"line":16,"column":4},"end":{"line":16,"column":89}},{"start":{},"end":{}}],"line":16},"1":{"loc":{"start":{"line":22,"column":23},"end":{"line":22,"column":98}},"type":"binary-expr","locations":[{"start":{"line":22,"column":23},"end":{"line":22,"column":58}},{"start":{"line":22,"column":62},"end":{"line":22,"column":98}}],"line":22},"2":{"loc":{"start":{"line":23,"column":4},"end":{"line":30,"column":5}},"type":"if","locations":[{"start":{"line":23,"column":4},"end":{"line":30,"column":5}},{"start":{},"end":{}}],"line":23},"3":{"loc":{"start":{"line":24,"column":6},"end":{"line":26,"column":7}},"type":"if","locations":[{"start":{"line":24,"column":6},"end":{"line":26,"column":7}},{"start":{},"end":{}}],"line":24},"4":{"loc":{"start":{"line":24,"column":10},"end":{"line":24,"column":60}},"type":"binary-expr","locations":[{"start":{"line":24,"column":10},"end":{"line":24,"column":29}},{"start":{"line":24,"column":33},"end":{"line":24,"column":60}}],"line":24},"5":{"loc":{"start":{"line":27,"column":6},"end":{"line":29,"column":7}},"type":"if","locations":[{"start":{"line":27,"column":6},"end":{"line":29,"column":7}},{"start":{},"end":{}}],"line":27},"6":{"loc":{"start":{"line":27,"column":10},"end":{"line":27,"column":60}},"type":"binary-expr","locations":[{"start":{"line":27,"column":10},"end":{"line":27,"column":29}},{"start":{"line":27,"column":33},"end":{"line":27,"column":60}}],"line":27},"7":{"loc":{"start":{"line":32,"column":4},"end":{"line":36,"column":5}},"type":"if","locations":[{"start":{"line":32,"column":4},"end":{"line":36,"column":5}},{"start":{},"end":{}}],"line":32},"8":{"loc":{"start":{"line":32,"column":8},"end":{"line":32,"column":42}},"type":"binary-expr","locations":[{"start":{"line":32,"column":8},"end":{"line":32,"column":16}},{"start":{"line":32,"column":20},"end":{"line":32,"column":42}}],"line":32},"9":{"loc":{"start":{"line":44,"column":4},"end":{"line":44,"column":82}},"type":"if","locations":[{"start":{"line":44,"column":4},"end":{"line":44,"column":82}},{"start":{},"end":{}}],"line":44},"10":{"loc":{"start":{"line":67,"column":4},"end":{"line":69,"column":5}},"type":"if","locations":[{"start":{"line":67,"column":4},"end":{"line":69,"column":5}},{"start":{},"end":{}}],"line":67},"11":{"loc":{"start":{"line":67,"column":8},"end":{"line":67,"column":34}},"type":"binary-expr","locations":[{"start":{"line":67,"column":8},"end":{"line":67,"column":17}},{"start":{"line":67,"column":21},"end":{"line":67,"column":34}}],"line":67},"12":{"loc":{"start":{"line":72,"column":4},"end":{"line":74,"column":5}},"type":"if","locations":[{"start":{"line":72,"column":4},"end":{"line":74,"column":5}},{"start":{},"end":{}}],"line":72},"13":{"loc":{"start":{"line":78,"column":4},"end":{"line":80,"column":5}},"type":"if","locations":[{"start":{"line":78,"column":4},"end":{"line":80,"column":5}},{"start":{},"end":{}}],"line":78}},"s":{"0":3,"1":3,"2":6,"3":6,"4":6,"5":6,"6":1,"7":5,"8":5,"9":5,"10":2,"11":1,"12":2,"13":1,"14":5,"15":1,"16":1,"17":5,"18":5,"19":0,"20":5,"21":0,"22":3,"23":1,"24":1,"25":0,"26":1,"27":1,"28":0,"29":1,"30":1,"31":0,"32":1,"33":1,"34":1,"35":1,"36":1,"37":1,"38":1,"39":1,"40":1,"41":1,"42":1,"43":1,"44":0,"45":0},"f":{"0":6,"1":1,"2":1},"b":{"0":[1,5],"1":[5,2],"2":[2,3],"3":[1,1],"4":[2,2],"5":[1,1],"6":[2,2],"7":[1,4],"8":[5,1],"9":[0,5],"10":[0,1],"11":[1,1],"12":[0,1],"13":[0,1]},"_coverageSchema":"1a1c01bbd47fc00a2c39e90264f33305004495a9","hash":"4bb3ae0c2cb0a22d7cb9ebd429045f1235da9c74"}
}
