TN:
SF:index.js
FN:33,(anonymous_0)
FN:40,(anonymous_1)
FNF:2
FNH:0
FNDA:0,(anonymous_0)
FNDA:0,(anonymous_1)
DA:14,3
DA:16,3
DA:17,3
DA:18,3
DA:21,3
DA:24,3
DA:25,3
DA:26,3
DA:27,3
DA:28,3
DA:29,3
DA:30,3
DA:31,3
DA:33,3
DA:34,0
DA:39,3
DA:40,0
DA:41,0
LF:18
LH:15
BRDA:39,0,0,0
BRDA:39,0,1,3
BRF:2
BRH:1
end_of_record
TN:
SF:config\db.js
FN:4,(anonymous_0)
FNF:1
FNH:1
FNDA:3,(anonymous_0)
DA:4,3
DA:5,3
DA:6,3
DA:10,3
DA:12,0
DA:13,0
LF:6
LH:4
BRF:0
BRH:0
end_of_record
TN:
SF:middleware\auth.js
FN:4,(anonymous_0)
FN:31,(anonymous_1)
FN:32,(anonymous_2)
FNF:3
FNH:3
FNDA:50,(anonymous_0)
FNDA:39,(anonymous_1)
FNDA:39,(anonymous_2)
DA:4,5
DA:5,50
DA:8,50
DA:9,47
DA:12,50
DA:13,3
DA:16,47
DA:17,47
DA:18,47
DA:19,47
DA:20,1
DA:22,46
DA:24,0
DA:27,0
DA:31,5
DA:32,39
DA:33,39
DA:34,3
DA:38,36
LF:19
LH:17
BRDA:8,0,0,47
BRDA:8,0,1,3
BRDA:8,1,0,50
BRDA:8,1,1,47
BRDA:12,2,0,3
BRDA:12,2,1,47
BRDA:19,3,0,1
BRDA:19,3,1,46
BRDA:33,4,0,3
BRDA:33,4,1,36
BRF:10
BRH:10
end_of_record
TN:
SF:middleware\captcha.js
FN:2,(anonymous_0)
FN:27,(anonymous_1)
FNF:2
FNH:1
FNDA:48,(anonymous_0)
FNDA:0,(anonymous_1)
DA:2,3
DA:3,48
DA:4,48
DA:6,0
DA:9,0
DA:10,0
DA:16,0
DA:17,0
DA:23,0
DA:27,3
DA:28,0
DA:29,0
DA:30,0
DA:31,0
DA:34,0
LF:15
LH:4
BRDA:3,0,0,48
BRDA:3,0,1,0
BRDA:9,1,0,0
BRDA:9,1,1,0
BRDA:9,2,0,0
BRDA:9,2,1,0
BRDA:9,2,2,0
BRDA:16,3,0,0
BRDA:16,3,1,0
BRF:9
BRH:1
end_of_record
TN:
SF:models\Boat.js
FN:40,(anonymous_0)
FN:84,(anonymous_1)
FN:89,(anonymous_2)
FNF:3
FNH:1
FNDA:16,(anonymous_0)
FNDA:0,(anonymous_1)
FNDA:0,(anonymous_2)
DA:3,3
DA:42,16
DA:79,3
DA:80,3
DA:81,3
DA:84,3
DA:85,0
DA:89,3
DA:90,0
DA:93,3
LF:10
LH:8
BRDA:42,0,0,16
BRDA:42,0,1,16
BRDA:42,0,2,0
BRDA:42,0,3,0
BRF:4
BRH:2
end_of_record
TN:
SF:models\Booking.js
FN:64,(anonymous_0)
FN:69,(anonymous_1)
FNF:2
FNH:0
FNDA:0,(anonymous_0)
FNDA:0,(anonymous_1)
DA:3,3
DA:59,3
DA:60,3
DA:61,3
DA:64,3
DA:65,0
DA:69,3
DA:70,0
DA:71,0
DA:74,3
LF:10
LH:7
BRF:0
BRH:0
end_of_record
TN:
SF:models\Favorite.js
FNF:0
FNH:0
DA:3,3
DA:23,3
DA:24,3
DA:26,3
LF:4
LH:4
BRF:0
BRH:0
end_of_record
TN:
SF:models\Payment.js
FNF:0
FNH:0
DA:3,3
LF:1
LH:1
BRF:0
BRH:0
end_of_record
TN:
SF:models\Review.js
FN:39,(anonymous_0)
FN:63,(anonymous_1)
FN:73,(anonymous_2)
FN:86,(anonymous_3)
FNF:4
FNH:1
FNDA:0,(anonymous_0)
FNDA:1,(anonymous_1)
FNDA:0,(anonymous_2)
FNDA:0,(anonymous_3)
DA:3,3
DA:40,0
DA:58,3
DA:59,3
DA:60,3
DA:63,3
DA:64,1
DA:69,1
DA:73,3
DA:75,0
DA:82,0
DA:86,3
DA:87,0
DA:88,0
DA:91,3
LF:15
LH:10
BRDA:69,0,0,1
BRDA:69,0,1,0
BRF:2
BRH:1
end_of_record
TN:
SF:models\User.js
FN:18,(anonymous_0)
FN:22,(anonymous_1)
FN:24,(anonymous_2)
FN:35,(anonymous_3)
FN:37,(anonymous_4)
FN:49,(anonymous_5)
FN:56,(anonymous_6)
FNF:7
FNH:7
FNDA:40,(anonymous_0)
FNDA:40,(anonymous_1)
FNDA:5,(anonymous_2)
FNDA:40,(anonymous_3)
FNDA:5,(anonymous_4)
FNDA:38,(anonymous_5)
FNDA:20,(anonymous_6)
DA:4,3
DA:18,40
DA:22,40
DA:25,5
DA:26,3
DA:28,2
DA:35,40
DA:38,5
DA:39,3
DA:41,2
DA:49,3
DA:50,38
DA:51,38
DA:52,38
DA:56,3
DA:57,20
LF:16
LH:16
BRDA:22,0,0,40
BRDA:22,0,1,7
BRDA:25,1,0,3
BRDA:25,1,1,2
BRDA:25,2,0,5
BRDA:25,2,1,3
BRDA:35,3,0,40
BRDA:35,3,1,7
BRDA:38,4,0,3
BRDA:38,4,1,2
BRDA:38,5,0,5
BRDA:38,5,1,3
BRDA:50,6,0,0
BRDA:50,6,1,38
BRF:14
BRH:13
end_of_record
TN:
SF:routes\auth.js
FN:10,(anonymous_0)
FN:118,(anonymous_1)
FN:165,(anonymous_2)
FN:195,(anonymous_3)
FN:221,(anonymous_4)
FNF:5
FNH:5
FNDA:38,(anonymous_0)
FNDA:23,(anonymous_1)
FNDA:1,(anonymous_2)
FNDA:3,(anonymous_3)
FNDA:5,(anonymous_4)
DA:7,5
DA:10,5
DA:11,38
DA:13,38
DA:16,38
DA:17,38
DA:18,2
DA:24,36
DA:25,4
DA:30,32
DA:31,1
DA:35,31
DA:36,31
DA:37,31
DA:38,1
DA:42,30
DA:43,11
DA:44,1
DA:48,10
DA:49,0
DA:51,10
DA:52,7
DA:53,3
DA:57,4
DA:58,1
DA:60,3
DA:61,1
DA:67,24
DA:68,24
DA:69,2
DA:74,22
DA:84,22
DA:86,22
DA:97,22
DA:112,0
DA:113,0
DA:118,5
DA:119,23
DA:120,23
DA:123,23
DA:124,23
DA:125,2
DA:129,21
DA:130,21
DA:131,2
DA:135,19
DA:147,19
DA:159,0
DA:160,0
DA:165,5
DA:166,1
DA:168,1
DA:169,1
DA:170,1
DA:171,1
DA:174,1
DA:179,1
DA:189,0
DA:190,0
DA:195,5
DA:196,3
DA:197,3
DA:200,3
DA:201,3
DA:202,1
DA:206,2
DA:207,1
DA:211,1
DA:213,1
DA:215,0
DA:216,0
DA:221,5
DA:222,5
DA:223,5
DA:224,5
DA:227,5
DA:228,5
DA:229,0
DA:233,5
DA:234,0
DA:238,5
DA:239,1
DA:245,4
DA:246,2
DA:247,1
DA:253,1
DA:254,0
DA:260,1
DA:261,0
DA:268,3
DA:269,3
DA:270,1
DA:274,2
DA:288,2
DA:303,0
DA:304,0
LF:96
LH:81
BRDA:17,0,0,2
BRDA:17,0,1,36
BRDA:24,1,0,4
BRDA:24,1,1,32
BRDA:24,2,0,36
BRDA:24,2,1,35
BRDA:30,3,0,1
BRDA:30,3,1,31
BRDA:30,4,0,32
BRDA:30,4,1,31
BRDA:30,4,2,31
BRDA:30,4,3,31
BRDA:36,5,0,31
BRDA:36,5,1,1
BRDA:37,6,0,1
BRDA:37,6,1,30
BRDA:42,7,0,11
BRDA:42,7,1,19
BRDA:43,8,0,1
BRDA:43,8,1,10
BRDA:48,9,0,0
BRDA:48,9,1,10
BRDA:51,10,0,7
BRDA:51,10,1,3
BRDA:52,11,0,3
BRDA:52,11,1,4
BRDA:52,12,0,7
BRDA:52,12,1,5
BRDA:57,13,0,1
BRDA:57,13,1,3
BRDA:60,14,0,1
BRDA:60,14,1,2
BRDA:68,15,0,2
BRDA:68,15,1,22
BRDA:81,16,0,5
BRDA:81,16,1,17
BRDA:82,17,0,22
BRDA:82,17,1,5
BRDA:82,17,2,2
BRDA:88,18,0,17
BRDA:88,18,1,5
BRDA:92,19,0,0
BRDA:92,19,1,22
BRDA:107,20,0,22
BRDA:107,20,1,2
BRDA:108,21,0,22
BRDA:108,21,1,2
BRDA:124,22,0,2
BRDA:124,22,1,21
BRDA:130,23,0,2
BRDA:130,23,1,19
BRDA:137,24,0,18
BRDA:137,24,1,1
BRDA:141,25,0,0
BRDA:141,25,1,19
BRDA:201,26,0,1
BRDA:201,26,1,2
BRDA:206,27,0,1
BRDA:206,27,1,1
BRDA:228,28,0,0
BRDA:228,28,1,5
BRDA:233,29,0,0
BRDA:233,29,1,5
BRDA:233,30,0,5
BRDA:233,30,1,5
BRDA:233,30,2,5
BRDA:238,31,0,1
BRDA:238,31,1,4
BRDA:238,32,0,5
BRDA:238,32,1,5
BRDA:238,32,2,5
BRDA:245,33,0,2
BRDA:245,33,1,2
BRDA:245,34,0,4
BRDA:245,34,1,2
BRDA:246,35,0,1
BRDA:246,35,1,1
BRDA:246,36,0,2
BRDA:246,36,1,1
BRDA:253,37,0,0
BRDA:253,37,1,1
BRDA:260,38,0,0
BRDA:260,38,1,1
BRDA:269,39,0,1
BRDA:269,39,1,2
BRDA:281,40,0,2
BRDA:281,40,1,0
BRDA:282,41,0,2
BRDA:282,41,1,1
BRDA:283,42,0,2
BRDA:283,42,1,1
BRDA:283,42,2,1
BRDA:283,42,3,1
BRDA:298,43,0,2
BRDA:298,43,1,1
BRDA:299,44,0,2
BRDA:299,44,1,1
BRF:97
BRH:89
end_of_record
TN:
SF:routes\boat.js
FN:8,requireJsonContent
FN:16,(anonymous_1)
FN:26,(anonymous_2)
FN:43,(anonymous_3)
FN:71,(anonymous_4)
FN:208,(anonymous_5)
FN:347,(anonymous_6)
FNF:7
FNH:7
FNDA:37,requireJsonContent
FNDA:3,(anonymous_1)
FNDA:1,(anonymous_2)
FNDA:6,(anonymous_3)
FNDA:30,(anonymous_4)
FNDA:3,(anonymous_5)
FNDA:3,(anonymous_6)
DA:5,5
DA:9,37
DA:10,1
DA:12,36
DA:16,5
DA:17,3
DA:18,3
DA:19,3
DA:21,0
DA:26,5
DA:27,1
DA:28,1
DA:32,1
DA:34,0
DA:35,0
DA:43,5
DA:44,6
DA:45,6
DA:47,2
DA:48,1
DA:53,1
DA:55,4
DA:57,4
DA:58,1
DA:63,3
DA:71,5
DA:72,30
DA:73,30
DA:74,30
DA:77,30
DA:78,5
DA:84,25
DA:85,0
DA:90,25
DA:91,1
DA:97,24
DA:98,0
DA:103,24
DA:104,2
DA:109,22
DA:110,1
DA:115,21
DA:116,1
DA:121,20
DA:122,1
DA:128,19
DA:129,1
DA:135,18
DA:142,18
DA:143,1
DA:149,17
DA:150,17
DA:151,1
DA:157,16
DA:158,16
DA:159,2
DA:165,14
DA:179,14
DA:182,14
DA:184,14
DA:191,0
DA:194,0
DA:195,0
DA:200,0
DA:208,5
DA:209,3
DA:210,3
DA:211,3
DA:214,3
DA:215,3
DA:216,0
DA:220,3
DA:221,0
DA:223,3
DA:224,0
DA:226,3
DA:227,0
DA:229,3
DA:230,1
DA:232,2
DA:233,0
DA:235,2
DA:236,0
DA:238,2
DA:239,0
DA:243,2
DA:244,2
DA:245,2
DA:246,2
DA:249,2
DA:250,0
DA:251,0
DA:252,0
DA:254,0
DA:255,0
DA:259,2
DA:260,0
DA:261,0
DA:262,0
DA:263,0
DA:265,0
DA:269,2
DA:270,0
DA:271,0
DA:276,2
DA:277,1
DA:278,0
DA:283,2
DA:284,1
DA:285,0
DA:290,2
DA:291,2
DA:292,2
DA:293,1
DA:297,1
DA:298,0
DA:310,0
DA:315,1
DA:316,0
DA:317,0
DA:321,0
DA:323,0
DA:327,1
DA:328,0
DA:329,0
DA:330,0
DA:331,0
DA:336,1
DA:337,1
DA:338,0
DA:340,1
DA:342,0
DA:347,5
DA:348,3
DA:349,3
DA:350,3
DA:351,2
DA:352,1
DA:354,1
DA:356,1
LF:140
LH:98
BRDA:9,0,0,1
BRDA:9,0,1,36
BRDA:37,1,0,0
BRDA:37,1,1,0
BRDA:47,2,0,1
BRDA:47,2,1,1
BRDA:57,3,0,1
BRDA:57,3,1,3
BRDA:65,4,0,0
BRDA:65,4,1,3
BRDA:77,5,0,5
BRDA:77,5,1,25
BRDA:77,6,0,30
BRDA:77,6,1,28
BRDA:77,6,2,27
BRDA:77,6,3,27
BRDA:77,6,4,26
BRDA:77,6,5,25
BRDA:77,6,6,25
BRDA:84,7,0,0
BRDA:84,7,1,25
BRDA:84,8,0,25
BRDA:84,8,1,25
BRDA:84,8,2,25
BRDA:84,8,3,25
BRDA:90,9,0,1
BRDA:90,9,1,24
BRDA:90,10,0,25
BRDA:90,10,1,24
BRDA:90,10,2,24
BRDA:97,11,0,0
BRDA:97,11,1,24
BRDA:97,12,0,24
BRDA:97,12,1,24
BRDA:103,13,0,2
BRDA:103,13,1,22
BRDA:109,14,0,1
BRDA:109,14,1,21
BRDA:109,15,0,22
BRDA:109,15,1,21
BRDA:115,16,0,1
BRDA:115,16,1,20
BRDA:121,17,0,1
BRDA:121,17,1,19
BRDA:121,18,0,20
BRDA:121,18,1,20
BRDA:128,19,0,1
BRDA:128,19,1,18
BRDA:135,20,0,18
BRDA:135,20,1,18
BRDA:135,20,2,18
BRDA:135,20,3,18
BRDA:135,20,4,13
BRDA:135,20,5,1
BRDA:142,21,0,1
BRDA:142,21,1,17
BRDA:150,22,0,1
BRDA:150,22,1,16
BRDA:158,23,0,2
BRDA:158,23,1,14
BRDA:173,24,0,11
BRDA:173,24,1,3
BRDA:174,25,0,11
BRDA:174,25,1,3
BRDA:174,26,0,14
BRDA:174,26,1,11
BRDA:194,27,0,0
BRDA:194,27,1,0
BRDA:202,28,0,0
BRDA:202,28,1,0
BRDA:215,29,0,0
BRDA:215,29,1,3
BRDA:220,30,0,0
BRDA:220,30,1,3
BRDA:220,31,0,3
BRDA:220,31,1,0
BRDA:223,32,0,0
BRDA:223,32,1,3
BRDA:223,33,0,3
BRDA:223,33,1,0
BRDA:226,34,0,0
BRDA:226,34,1,3
BRDA:226,35,0,3
BRDA:226,35,1,0
BRDA:226,35,2,0
BRDA:229,36,0,1
BRDA:229,36,1,2
BRDA:229,37,0,3
BRDA:229,37,1,2
BRDA:229,37,2,1
BRDA:232,38,0,0
BRDA:232,38,1,2
BRDA:232,39,0,2
BRDA:232,39,1,1
BRDA:232,39,2,1
BRDA:232,39,3,1
BRDA:235,40,0,0
BRDA:235,40,1,2
BRDA:235,41,0,2
BRDA:235,41,1,0
BRDA:238,42,0,0
BRDA:238,42,1,2
BRDA:238,43,0,2
BRDA:238,43,1,0
BRDA:243,44,0,0
BRDA:243,44,1,2
BRDA:244,45,0,0
BRDA:244,45,1,2
BRDA:245,46,0,0
BRDA:245,46,1,2
BRDA:246,47,0,0
BRDA:246,47,1,2
BRDA:249,48,0,0
BRDA:249,48,1,2
BRDA:251,49,0,0
BRDA:251,49,1,0
BRDA:251,50,0,0
BRDA:251,50,1,0
BRDA:254,51,0,0
BRDA:254,51,1,0
BRDA:259,52,0,0
BRDA:259,52,1,2
BRDA:262,53,0,0
BRDA:262,53,1,0
BRDA:269,54,0,0
BRDA:269,54,1,2
BRDA:270,55,0,0
BRDA:270,55,1,0
BRDA:270,56,0,0
BRDA:270,56,1,0
BRDA:270,56,2,0
BRDA:270,56,3,0
BRDA:276,57,0,1
BRDA:276,57,1,1
BRDA:277,58,0,0
BRDA:277,58,1,1
BRDA:277,59,0,1
BRDA:277,59,1,1
BRDA:283,60,0,1
BRDA:283,60,1,1
BRDA:284,61,0,0
BRDA:284,61,1,1
BRDA:284,62,0,1
BRDA:284,62,1,1
BRDA:290,63,0,0
BRDA:290,63,1,2
BRDA:291,64,0,1
BRDA:291,64,1,1
BRDA:292,65,0,1
BRDA:292,65,1,1
BRDA:297,66,0,0
BRDA:297,66,1,1
BRDA:298,67,0,0
BRDA:298,67,1,0
BRDA:299,68,0,0
BRDA:299,68,1,0
BRDA:301,69,0,0
BRDA:301,69,1,0
BRDA:301,69,2,0
BRDA:301,69,3,0
BRDA:301,69,4,0
BRDA:301,69,5,0
BRDA:301,69,6,0
BRDA:315,70,0,0
BRDA:315,70,1,1
BRDA:317,71,0,0
BRDA:317,71,1,0
BRDA:318,72,0,0
BRDA:318,72,1,0
BRDA:327,73,0,0
BRDA:327,73,1,1
BRDA:327,74,0,1
BRDA:327,74,1,0
BRDA:330,75,0,0
BRDA:330,75,1,0
BRDA:330,76,0,0
BRDA:330,76,1,0
BRDA:337,77,0,0
BRDA:337,77,1,1
BRDA:351,78,0,1
BRDA:351,78,1,1
BRF:181
BRH:111
end_of_record
TN:
SF:routes\bookings.js
FN:11,(anonymous_0)
FN:81,(anonymous_1)
FN:101,(anonymous_2)
FN:129,(anonymous_3)
FN:165,(anonymous_4)
FN:204,(anonymous_5)
FN:233,(anonymous_6)
FNF:7
FNH:2
FNDA:9,(anonymous_0)
FNDA:1,(anonymous_1)
FNDA:0,(anonymous_2)
FNDA:0,(anonymous_3)
FNDA:0,(anonymous_4)
FNDA:0,(anonymous_5)
FNDA:0,(anonymous_6)
DA:6,4
DA:11,4
DA:12,9
DA:13,9
DA:14,9
DA:17,9
DA:18,1
DA:21,8
DA:22,1
DA:26,7
DA:37,7
DA:38,0
DA:42,7
DA:43,7
DA:44,7
DA:47,7
DA:48,7
DA:49,1
DA:52,6
DA:54,6
DA:66,6
DA:68,6
DA:73,0
DA:74,0
DA:81,4
DA:82,1
DA:83,1
DA:87,0
DA:93,1
DA:94,1
DA:101,4
DA:102,0
DA:103,0
DA:107,0
DA:108,0
DA:112,0
DA:113,0
DA:116,0
DA:121,0
DA:122,0
DA:129,4
DA:130,0
DA:131,0
DA:133,0
DA:134,0
DA:137,0
DA:138,0
DA:141,0
DA:142,0
DA:145,0
DA:146,0
DA:149,0
DA:150,0
DA:152,0
DA:157,0
DA:158,0
DA:165,4
DA:166,0
DA:167,0
DA:169,0
DA:170,0
DA:171,0
DA:174,0
DA:176,0
DA:183,0
DA:185,0
DA:196,0
DA:197,0
DA:204,4
DA:205,0
DA:206,0
DA:209,0
DA:219,0
DA:225,0
DA:226,0
DA:233,4
DA:234,0
DA:235,0
DA:236,0
DA:238,0
DA:239,0
DA:242,0
DA:249,0
DA:250,0
DA:253,0
DA:258,0
DA:259,0
LF:87
LH:31
BRDA:17,0,0,1
BRDA:17,0,1,8
BRDA:21,1,0,1
BRDA:21,1,1,7
BRDA:37,2,0,0
BRDA:37,2,1,7
BRDA:48,3,0,1
BRDA:48,3,1,6
BRDA:107,4,0,0
BRDA:107,4,1,0
BRDA:112,5,0,0
BRDA:112,5,1,0
BRDA:112,6,0,0
BRDA:112,6,1,0
BRDA:133,7,0,0
BRDA:133,7,1,0
BRDA:137,8,0,0
BRDA:137,8,1,0
BRDA:137,9,0,0
BRDA:137,9,1,0
BRDA:141,10,0,0
BRDA:141,10,1,0
BRDA:145,11,0,0
BRDA:145,11,1,0
BRDA:167,12,0,0
BRDA:167,13,0,0
BRDA:170,14,0,0
BRDA:170,14,1,0
BRDA:238,15,0,0
BRDA:238,15,1,0
BRDA:249,16,0,0
BRDA:249,16,1,0
BRF:32
BRH:7
end_of_record
TN:
SF:routes\contact.js
FN:6,(anonymous_0)
FNF:1
FNH:0
FNDA:0,(anonymous_0)
DA:4,3
DA:6,3
DA:7,0
DA:8,0
DA:10,0
DA:19,0
DA:27,0
DA:28,0
DA:30,0
DA:31,0
LF:10
LH:2
BRF:0
BRH:0
end_of_record
TN:
SF:routes\favorites.js
FN:10,(anonymous_0)
FN:46,(anonymous_1)
FN:71,(anonymous_2)
FN:93,(anonymous_3)
FNF:4
FNH:0
FNDA:0,(anonymous_0)
FNDA:0,(anonymous_1)
FNDA:0,(anonymous_2)
FNDA:0,(anonymous_3)
DA:5,3
DA:10,3
DA:11,0
DA:12,0
DA:13,0
DA:15,0
DA:16,0
DA:20,0
DA:21,0
DA:22,0
DA:25,0
DA:30,0
DA:32,0
DA:38,0
DA:39,0
DA:46,3
DA:47,0
DA:48,0
DA:49,0
DA:51,0
DA:53,0
DA:54,0
DA:57,0
DA:63,0
DA:64,0
DA:71,3
DA:72,0
DA:73,0
DA:75,0
DA:79,0
DA:85,0
DA:86,0
DA:93,3
DA:94,0
DA:95,0
DA:96,0
DA:98,0
DA:100,0
DA:106,0
DA:107,0
LF:40
LH:5
BRDA:15,0,0,0
BRDA:15,0,1,0
BRDA:21,1,0,0
BRDA:21,1,1,0
BRDA:53,2,0,0
BRDA:53,2,1,0
BRF:6
BRH:0
end_of_record
TN:
SF:routes\payment.js
FN:13,(anonymous_0)
FN:90,(anonymous_1)
FNF:2
FNH:2
FNDA:3,(anonymous_0)
FNDA:1,(anonymous_1)
DA:9,4
DA:10,4
DA:13,4
DA:14,3
DA:15,3
DA:17,3
DA:18,0
DA:21,3
DA:22,3
DA:24,3
DA:25,3
DA:26,3
DA:28,3
DA:29,3
DA:30,3
DA:31,0
DA:34,3
DA:46,3
DA:47,3
DA:49,3
DA:77,3
DA:82,2
DA:84,1
DA:85,1
DA:90,4
DA:91,1
DA:92,1
DA:93,1
DA:95,1
DA:97,1
DA:98,0
DA:101,1
DA:102,1
DA:104,1
DA:110,1
DA:112,0
DA:113,0
LF:37
LH:32
BRDA:17,0,0,0
BRDA:17,0,1,3
BRDA:17,1,0,3
BRDA:17,1,1,3
BRDA:17,1,2,3
BRDA:22,2,0,0
BRDA:22,2,1,3
BRDA:26,3,0,0
BRDA:26,3,1,3
BRDA:30,4,0,0
BRDA:30,4,1,3
BRDA:30,5,0,3
BRDA:30,5,1,3
BRDA:46,6,0,3
BRDA:46,6,1,0
BRDA:47,7,0,3
BRDA:47,7,1,0
BRDA:57,8,0,3
BRDA:57,8,1,0
BRDA:57,8,2,0
BRDA:58,9,0,2
BRDA:58,9,1,1
BRDA:93,10,0,0
BRDA:93,10,1,1
BRDA:97,11,0,0
BRDA:97,11,1,1
BRDA:102,12,0,0
BRDA:102,12,1,1
BRF:28
BRH:17
end_of_record
TN:
SF:routes\reviews.js
FN:11,(anonymous_0)
FN:66,(anonymous_1)
FN:107,(anonymous_2)
FN:127,(anonymous_3)
FN:150,(anonymous_4)
FN:173,(anonymous_5)
FN:210,(anonymous_6)
FN:242,(anonymous_7)
FN:271,(anonymous_8)
FN:295,(anonymous_9)
FN:319,(anonymous_10)
FNF:11
FNH:1
FNDA:1,(anonymous_0)
FNDA:0,(anonymous_1)
FNDA:0,(anonymous_2)
FNDA:0,(anonymous_3)
FNDA:0,(anonymous_4)
FNDA:0,(anonymous_5)
FNDA:0,(anonymous_6)
FNDA:0,(anonymous_7)
FNDA:0,(anonymous_8)
FNDA:0,(anonymous_9)
FNDA:0,(anonymous_10)
DA:6,3
DA:11,3
DA:12,1
DA:13,1
DA:14,1
DA:17,1
DA:22,1
DA:23,0
DA:29,1
DA:30,1
DA:31,1
DA:32,0
DA:38,1
DA:47,1
DA:50,1
DA:52,1
DA:58,0
DA:59,0
DA:66,3
DA:67,0
DA:68,0
DA:69,0
DA:71,0
DA:72,0
DA:73,0
DA:76,0
DA:78,0
DA:84,0
DA:85,0
DA:87,0
DA:99,0
DA:100,0
DA:107,3
DA:108,0
DA:109,0
DA:113,0
DA:119,0
DA:120,0
DA:127,3
DA:128,0
DA:129,0
DA:133,0
DA:134,0
DA:137,0
DA:142,0
DA:143,0
DA:150,3
DA:151,0
DA:152,0
DA:154,0
DA:155,0
DA:158,0
DA:160,0
DA:165,0
DA:166,0
DA:173,3
DA:174,0
DA:175,0
DA:176,0
DA:178,0
DA:179,0
DA:183,0
DA:184,0
DA:187,0
DA:188,0
DA:189,0
DA:191,0
DA:194,0
DA:196,0
DA:202,0
DA:203,0
DA:210,3
DA:211,0
DA:212,0
DA:214,0
DA:215,0
DA:219,0
DA:220,0
DA:223,0
DA:226,0
DA:228,0
DA:234,0
DA:235,0
DA:242,3
DA:243,0
DA:244,0
DA:246,0
DA:247,0
DA:248,0
DA:251,0
DA:257,0
DA:263,0
DA:264,0
DA:271,3
DA:272,0
DA:273,0
DA:275,0
DA:281,0
DA:287,0
DA:288,0
DA:295,3
DA:296,0
DA:297,0
DA:299,0
DA:305,0
DA:311,0
DA:312,0
DA:319,3
DA:320,0
DA:321,0
DA:323,0
DA:324,0
DA:325,0
DA:327,0
DA:329,0
DA:336,0
DA:338,0
DA:349,0
DA:350,0
LF:119
LH:24
BRDA:22,0,0,0
BRDA:22,0,1,1
BRDA:29,1,0,1
BRDA:29,1,1,0
BRDA:31,2,0,0
BRDA:31,2,1,1
BRDA:31,3,0,1
BRDA:31,3,1,1
BRDA:44,4,0,1
BRDA:44,4,1,1
BRDA:68,5,0,0
BRDA:68,6,0,0
BRDA:72,7,0,0
BRDA:72,7,1,0
BRDA:133,8,0,0
BRDA:133,8,1,0
BRDA:154,9,0,0
BRDA:154,9,1,0
BRDA:178,10,0,0
BRDA:178,10,1,0
BRDA:183,11,0,0
BRDA:183,11,1,0
BRDA:183,12,0,0
BRDA:183,12,1,0
BRDA:187,13,0,0
BRDA:187,13,1,0
BRDA:188,14,0,0
BRDA:188,14,1,0
BRDA:189,15,0,0
BRDA:189,15,1,0
BRDA:214,16,0,0
BRDA:214,16,1,0
BRDA:219,17,0,0
BRDA:219,17,1,0
BRDA:219,18,0,0
BRDA:219,18,1,0
BRDA:244,19,0,0
BRDA:247,20,0,0
BRDA:247,20,1,0
BRDA:273,21,0,0
BRDA:297,22,0,0
BRDA:321,23,0,0
BRDA:321,24,0,0
BRDA:324,25,0,0
BRDA:324,25,1,0
BRDA:325,26,0,0
BRDA:325,26,1,0
BRF:47
BRH:7
end_of_record
TN:
SF:routes\user.js
FN:10,(anonymous_0)
FN:64,(anonymous_1)
FN:84,(anonymous_2)
FNF:3
FNH:3
FNDA:6,(anonymous_0)
FNDA:1,(anonymous_1)
FNDA:1,(anonymous_2)
DA:8,3
DA:10,3
DA:11,6
DA:12,6
DA:15,6
DA:16,6
DA:18,5
DA:22,5
DA:23,5
DA:24,2
DA:25,1
DA:27,2
DA:28,1
DA:32,5
DA:34,1
DA:35,1
DA:38,5
DA:44,5
DA:46,5
DA:59,0
DA:64,3
DA:65,1
DA:67,1
DA:68,0
DA:70,1
DA:72,1
DA:73,0
DA:77,1
DA:78,1
DA:79,0
DA:83,1
DA:84,1
DA:87,1
DA:93,1
DA:96,1
DA:102,1
DA:105,1
DA:106,1
DA:109,1
DA:110,1
DA:112,1
DA:118,0
DA:119,0
LF:43
LH:37
BRDA:16,0,0,1
BRDA:16,0,1,5
BRDA:22,1,0,5
BRDA:22,1,1,2
BRDA:23,2,0,2
BRDA:23,2,1,3
BRDA:24,3,0,1
BRDA:24,3,1,1
BRDA:24,4,0,2
BRDA:24,4,1,2
BRDA:27,5,0,1
BRDA:27,5,1,1
BRDA:27,6,0,2
BRDA:27,6,1,2
BRDA:32,7,0,1
BRDA:32,7,1,4
BRDA:32,8,0,5
BRDA:32,8,1,1
BRDA:44,9,0,0
BRDA:44,9,1,5
BRDA:67,10,0,0
BRDA:67,10,1,1
BRDA:67,11,0,1
BRDA:67,11,1,1
BRDA:72,12,0,0
BRDA:72,12,1,1
BRDA:78,13,0,0
BRDA:78,13,1,1
BRF:28
BRH:24
end_of_record
